0	1	mikroCPIC1618.exe -MSF -DBG -pP16F887 -RA -LHF -GC -DL -O11111115 -fo20 -N"D:\PIC\RelayModule\SmartModule.mcppi" -SP"C:\Users\Public\Documents\Mikroelektronika\mikroC PRO for PIC\Defs\" -SP"C:\Users\Public\Documents\Mikroelektronika\mikroC PRO for PIC\Uses\P16\" -SP"D:\PIC\RelayModule\" -SP"D:\PIC\RelayModule\OSAOS\" -SP"D:\PIC\RelayModule\module\" -IP"D:\PIC\RelayModule\OSAOS\" -IP"D:\PIC\RelayModule\module\" -IP"D:\PIC\RelayModule\" "osa.c" "main.c" "relay.c" "lcd16x2.c" "serial.c" "rtc.c" "__Lib_Math.mcl" "__Lib_MathDouble.mcl" "__Lib_System.mcl" "__Lib_Delays.mcl" "__Lib_CType.mcl" "__Lib_CString.mcl" "__Lib_CStdlib.mcl" "__Lib_CMath.mcl" "__Lib_MemManager.mcl" "__Lib_Conversions.mcl" "__Lib_ADC_88X.mcl" "__Lib_I2C_c34.mcl" "__Lib_UART_c67.mcl" "__Lib_LcdConsts.mcl" "__Lib_Lcd.mcl"	 
hint: 0	1139	Available RAM: 352 [bytes], Available ROM: 8192 [bytes]	 
diagnostics: 0	122	Compilation Started	P16F887.c
diagnostics: 973	123	Compiled Successfully	P16F887.c
diagnostics: 0	122	Compilation Started	__Lib_Delays.c
diagnostics: 123	123	Compiled Successfully	__Lib_Delays.c
diagnostics: 0	122	Compilation Started	__Lib_MemManager.c
warning: 34	1508	Implicit conversion of int to ptr	__Lib_MemManager.c
diagnostics: 231	123	Compiled Successfully	__Lib_MemManager.c
hint: 61	1354	 warning: The macro is redefined     #define OS_MSG_TYPE unsigned char     from d:/pic/relaymodule/osaos/osa.h: 285:    #include "OSAcfg.h"     from D:/PIC/RelayModule/OSAOS/osa.c: 37:    #include <OSA.h>     previously macro "OS_MSG_TYPE" defined as: #define OS_MSG_TYPE  const char * 	d:\pic\relaymodule\osacfg.h
diagnostics: 0	122	Compilation Started	osa.h
diagnostics: 36	123	Compiled Successfully	osa_tasks.c
hint: 228	1164	Variable 'temp' has been eliminated by optimizer	osa_tasks.c
hint: 256	1164	Variable 'temp' has been eliminated by optimizer	osa_tasks.c
hint: 283	1164	Variable 'temp' has been eliminated by optimizer	osa_tasks.c
hint: 333	1164	Variable 'temp' has been eliminated by optimizer	osa_tasks.c
hint: 395	1164	Variable 'temp' has been eliminated by optimizer	osa_tasks.c
hint: 217	1164	Variable 'msg_temp' has been eliminated by optimizer	osa_tasks.c
hint: 3	1354	 warning: "/*" within comment     /**************************************************************************/	D:\PIC\RelayModule\main.c
hint: 61	1354	 warning: The macro is redefined     #define OS_MSG_TYPE unsigned char     from d:/pic/relaymodule/osaos/osa.h: 285:    #include "OSAcfg.h"     from D:/PIC/RelayModule/main.c: 4:    #include "osa.h"     previously macro "OS_MSG_TYPE" defined as: #define OS_MSG_TYPE  const char * 	d:\pic\relaymodule\osacfg.h
diagnostics: 0	122	Compilation Started	osa.h
hint: 127	1163	Variable 'msg' has been declared, but not used	main.c
hint: 0	1004	interrupt handler (systick_INT at 0x0004)	main.c
diagnostics: 160	123	Compiled Successfully	main.c
hint: 57	1164	Variable 'read' has been eliminated by optimizer	main.c
hint: 94	1164	Variable 'tmp' has been eliminated by optimizer	main.c
diagnostics: 0	122	Compilation Started	relay.h
diagnostics: 43	123	Compiled Successfully	relay.c
diagnostics: 0	122	Compilation Started	lcd16x2.h
diagnostics: 38	123	Compiled Successfully	lcd16x2.c
diagnostics: 0	122	Compilation Started	stdbool.h
warning: 13	1509	Generated baud rate is 9615 bps (error = 0.16 percent)	serial.c
diagnostics: 65	123	Compiled Successfully	serial.c
diagnostics: 0	122	Compilation Started	rtc.h
diagnostics: 82	123	Compiled Successfully	rtc.c
diagnostics: 0	127	All files Compiled in 1250 ms	 
hint: 0	1144	Used RAM (bytes): 151 (43%)  Free RAM (bytes): 201 (57%)	Used RAM (bytes): 151 (43%)  Free RAM (bytes): 201 (57%)
hint: 0	1144	Used ROM (program words): 2746 (34%)  Free ROM (program words): 5446 (66%)	Used ROM (program words): 2746 (34%)  Free ROM (program words): 5446 (66%)
diagnostics: 0	125	Project Linked Successfully	SmartModule.mcppi
hint: 0	1004	COFF file successfully generated	COFF file successfully generated
diagnostics: 0	128	Linked in 1188 ms	 
diagnostics: 0	129	Project 'SmartModule.mcppi' completed: 3079 ms	 
diagnostics: 0	103	Finished successfully: 27 Mar 2016, 12:12:06	SmartModule.mcppi
