;  LST file generated by mikroListExporter - v.2.0 
; Date/Time: 03/15/2016 08:38:51
;----------------------------------------------

;Address Opcode 	ASM
0x0000	0x293B      	GOTO       315
_systick_INT:
0x0004	0x00FF      	MOVWF      R15
0x0005	0x0E03      	SWAPF      STATUS, 0
0x0006	0x0183      	CLRF       STATUS
0x0007	0x00D4      	MOVWF      ___saveSTATUS
0x0008	0x080A      	MOVF       PCLATH, 0
0x0009	0x00D3      	MOVWF      ___savePCLATH
0x000A	0x018A      	CLRF       PCLATH
0x000B	0x0870      	MOVF       R0, 0
0x000C	0x00A4      	MOVWF      36
0x000D	0x0871      	MOVF       R1, 0
0x000E	0x00A3      	MOVWF      35
0x000F	0x0872      	MOVF       R2, 0
0x0010	0x00A2      	MOVWF      34
0x0011	0x0874      	MOVF       R4, 0
0x0012	0x00A1      	MOVWF      33
0x0013	0x087C      	MOVF       R12, 0
0x0014	0x00A0      	MOVWF      32
0x0015	0x0804      	MOVF       FSR, 0
0x0016	0x00A5      	MOVWF      37
;main.c,28 :: 		void systick_INT() iv 0x0004 ics ICS_AUTO
;main.c,30 :: 		if (TMR2IF_bit)
0x0017	0x1C8C      	BTFSS      TMR2IF_bit, BitPos(TMR2IF_bit+0)
0x0018	0x285D      	GOTO       L_systick_INT33
;main.c,32 :: 		TMR2IF_bit = 0;
0x0019	0x108C      	BCF        TMR2IF_bit, BitPos(TMR2IF_bit+0)
;main.c,33 :: 		OS_Timer();
0x001A	0x01D9      	CLRF       systick_INT__os_i_L3
L_systick_INT34:
0x001B	0x3005      	MOVLW      5
0x001C	0x0259      	SUBWF      systick_INT__os_i_L3, 0
0x001D	0x1803      	BTFSC      STATUS, 0
0x001E	0x285D      	GOTO       L_systick_INT35
0x001F	0x3005      	MOVLW      5
0x0020	0x00F0      	MOVWF      R0
0x0021	0x0859      	MOVF       systick_INT__os_i_L3, 0
0x0022	0x00F4      	MOVWF      R4
0x0023	0x20D8      	CALL       _Mul_8X8_U
0x0024	0x0870      	MOVF       R0, 0
0x0025	0x3E30      	ADDLW      __OS_Tasks
0x0026	0x0084      	MOVWF      FSR
0x0027	0x0800      	MOVF       INDF, 0
0x0028	0x00F0      	MOVWF      R0
0x0029	0x1E70      	BTFSS      R0, 4
0x002A	0x285B      	GOTO       L_systick_INT37
0x002B	0x3005      	MOVLW      5
0x002C	0x00F0      	MOVWF      R0
0x002D	0x0859      	MOVF       systick_INT__os_i_L3, 0
0x002E	0x00F4      	MOVWF      R4
0x002F	0x20D8      	CALL       _Mul_8X8_U
0x0030	0x3030      	MOVLW      __OS_Tasks
0x0031	0x07F0      	ADDWF      R0, 1
0x0032	0x3003      	MOVLW      3
0x0033	0x0770      	ADDWF      R0, 0
0x0034	0x00F2      	MOVWF      R2
0x0035	0x0872      	MOVF       R2, 0
0x0036	0x0084      	MOVWF      FSR
0x0037	0x0800      	MOVF       INDF, 0
0x0038	0x3E01      	ADDLW      1
0x0039	0x00F0      	MOVWF      R0
0x003A	0x3000      	MOVLW      0
0x003B	0x1803      	BTFSC      STATUS, 0
0x003C	0x3E01      	ADDLW      1
0x003D	0x0A84      	INCF       FSR, 1
0x003E	0x0700      	ADDWF      INDF, 0
0x003F	0x00F1      	MOVWF      R0+1
0x0040	0x0872      	MOVF       R2, 0
0x0041	0x0084      	MOVWF      FSR
0x0042	0x0870      	MOVF       R0, 0
0x0043	0x0080      	MOVWF      INDF
0x0044	0x0871      	MOVF       R0+1, 0
0x0045	0x0A84      	INCF       FSR, 1
0x0046	0x0080      	MOVWF      INDF
0x0047	0x0872      	MOVF       R2, 0
0x0048	0x0084      	MOVWF      FSR
0x0049	0x0800      	MOVF       INDF, 0
0x004A	0x00F0      	MOVWF      R0
0x004B	0x0A84      	INCF       FSR, 1
0x004C	0x0800      	MOVF       INDF, 0
0x004D	0x00F1      	MOVWF      R0+1
0x004E	0x0870      	MOVF       R0, 0
0x004F	0x0471      	IORWF      R0+1, 0
0x0050	0x1D03      	BTFSS      STATUS, 2
0x0051	0x285B      	GOTO       L_systick_INT38
0x0052	0x3005      	MOVLW      5
0x0053	0x00F0      	MOVWF      R0
0x0054	0x0859      	MOVF       systick_INT__os_i_L3, 0
0x0055	0x00F4      	MOVWF      R4
0x0056	0x20D8      	CALL       _Mul_8X8_U
0x0057	0x0870      	MOVF       R0, 0
0x0058	0x3E30      	ADDLW      __OS_Tasks
0x0059	0x0084      	MOVWF      FSR
0x005A	0x1200      	BCF        INDF, 4
L_systick_INT38:
L_systick_INT37:
0x005B	0x0AD9      	INCF       systick_INT__os_i_L3, 1
0x005C	0x281B      	GOTO       L_systick_INT34
L_systick_INT35:
;main.c,34 :: 		}
L_systick_INT33:
;main.c,35 :: 		}
L_end_systick_INT:
L__systick_INT47:
0x005D	0x0824      	MOVF       36, 0
0x005E	0x00F0      	MOVWF      R0
0x005F	0x0823      	MOVF       35, 0
0x0060	0x00F1      	MOVWF      R1
0x0061	0x0822      	MOVF       34, 0
0x0062	0x00F2      	MOVWF      R2
0x0063	0x0821      	MOVF       33, 0
0x0064	0x00F4      	MOVWF      R4
0x0065	0x0820      	MOVF       32, 0
0x0066	0x00FC      	MOVWF      R12
0x0067	0x0825      	MOVF       37, 0
0x0068	0x0084      	MOVWF      FSR
0x0069	0x0853      	MOVF       ___savePCLATH, 0
0x006A	0x008A      	MOVWF      PCLATH
0x006B	0x0E54      	SWAPF      ___saveSTATUS, 0
0x006C	0x0083      	MOVWF      STATUS
0x006D	0x0EFF      	SWAPF      R15, 1
0x006E	0x0E7F      	SWAPF      R15, 0
0x006F	0x0009      	RETFIE
; end of _systick_INT
___OS_SET_FSR_CUR_TASK:
;osa_pic16_mikroc.c,115 :: 		
;osa_pic16_mikroc.c,117 :: 		
0x0070	0x1283      	BCF        STATUS, 5
0x0071	0x1303      	BCF        STATUS, 6
0x0072	0x084D      	MOVF       __OS_CurTask, 0
0x0073	0x0084      	MOVWF      FSR
;osa_pic16_mikroc.c,118 :: 		
0x0074	0x3000      	MOVLW      hi_addr(__OS_Tasks)
0x0075	0x3800      	IORLW      0
0x0076	0x1383      	BCF        STATUS, 7
0x0077	0x1D03      	BTFSS      STATUS, 2
0x0078	0x1783      	BSF        STATUS, 7
;osa_pic16_mikroc.c,119 :: 		
L_end___OS_SET_FSR_CUR_TASK:
0x0079	0x0008      	RETURN
; end of ___OS_SET_FSR_CUR_TASK
_I2C1_Init:
;__Lib_I2C_c34.c,4 :: 		
;__Lib_I2C_c34.c,5 :: 		
0x007A	0x1683      	BSF        STATUS, 5
0x007B	0x1303      	BCF        STATUS, 6
0x007C	0x1314      	BCF        SSPSTAT, 6
;__Lib_I2C_c34.c,6 :: 		
0x007D	0x1394      	BCF        SSPSTAT, 7
;__Lib_I2C_c34.c,7 :: 		
0x007E	0x1607      	BSF        TRISC4_bit, BitPos(TRISC4_bit+0)
;__Lib_I2C_c34.c,8 :: 		
0x007F	0x1587      	BSF        TRISC3_bit, BitPos(TRISC3_bit+0)
;__Lib_I2C_c34.c,9 :: 		
0x0080	0x3038      	MOVLW      56
0x0081	0x1283      	BCF        STATUS, 5
0x0082	0x0094      	MOVWF      SSPCON
;__Lib_I2C_c34.c,11 :: 		
L_end_I2C1_Init:
0x0083	0x0008      	RETURN
; end of _I2C1_Init
_____DoICP:
;__Lib_System.c,6 :: 		
;__Lib_System.c,9 :: 		
0x0084	0x1283      	BCF        STATUS, 5
0x0085	0x1303      	BCF        STATUS, 6
0x0086	0x0828      	MOVF       ___DoICPAddr+1, 0
0x0087	0x008A      	MOVWF      PCLATH
;__Lib_System.c,10 :: 		
0x0088	0x0827      	MOVF       ___DoICPAddr, 0
0x0089	0x0082      	MOVWF      PCL
;__Lib_System.c,12 :: 		
L_end_____DoICP:
0x008A	0x0008      	RETURN
; end of _____DoICP
__OS_ReturnSave:
;osa_pic16_mikroc.c,78 :: 		
;osa_pic16_mikroc.c,81 :: 		
0x008B	0x0183      	CLRF       STATUS
;osa_pic16_mikroc.c,82 :: 		
0x008C	0x00F0      	MOVWF      R0
;osa_pic16_mikroc.c,83 :: 		
0x008D	0x108A      	BCF        PCLATH, 1
;osa_pic16_mikroc.c,84 :: 		
0x008E	0x1BF0      	BTFSC      R0, 7
;osa_pic16_mikroc.c,85 :: 		
0x008F	0x148A      	BSF        PCLATH, 1
;osa_pic16_mikroc.c,87 :: 		
0x0090	0x0804      	MOVF       FSR, 0
0x0091	0x1283      	BCF        STATUS, 5
0x0092	0x1303      	BCF        STATUS, 6
0x0093	0x00C9      	MOVWF      __OS_Temp
;osa_pic16_mikroc.c,88 :: 		
0x0094	0x2070      	CALL       ___OS_SET_FSR_CUR_TASK
0x0095	0x3002      	MOVLW      2
0x0096	0x0784      	ADDWF      FSR, 1
;osa_pic16_mikroc.c,90 :: 		
0x0097	0x0870      	MOVF       R0, 0
0x0098	0x0080      	MOVWF      INDF
;osa_pic16_mikroc.c,91 :: 		
0x0099	0x0304      	DECF       FSR, 0
0x009A	0x00F0      	MOVWF      R0
0x009B	0x0870      	MOVF       R0, 0
0x009C	0x0084      	MOVWF      FSR
;osa_pic16_mikroc.c,92 :: 		
0x009D	0x0849      	MOVF       __OS_Temp, 0
0x009E	0x0080      	MOVWF      INDF
;osa_pic16_mikroc.c,93 :: 		
0x009F	0x0304      	DECF       FSR, 0
0x00A0	0x00F0      	MOVWF      R0
0x00A1	0x0870      	MOVF       R0, 0
0x00A2	0x0084      	MOVWF      FSR
;osa_pic16_mikroc.c,95 :: 		
0x00A3	0x1580      	BSF        INDF, 3
;osa_pic16_mikroc.c,97 :: 		
0x00A4	0x1C8A      	BTFSS      PCLATH, 1
0x00A5	0x28AD      	GOTO       L__OS_ReturnSave0
;osa_pic16_mikroc.c,99 :: 		
0x00A6	0x1180      	BCF        INDF, 3
;osa_pic16_mikroc.c,103 :: 		
0x00A7	0x1A00      	BTFSC      INDF, 4
0x00A8	0x28AA      	GOTO       L__OS_ReturnSave1
0x00A9	0x1280      	BCF        INDF, 5
L__OS_ReturnSave1:
;osa_pic16_mikroc.c,104 :: 		
0x00AA	0x1C0A      	BTFSS      PCLATH, 0
0x00AB	0x28AD      	GOTO       L__OS_ReturnSave2
0x00AC	0x1680      	BSF        INDF, 5
L__OS_ReturnSave2:
;osa_pic16_mikroc.c,107 :: 		
L__OS_ReturnSave0:
;osa_pic16_mikroc.c,108 :: 		
L_end__OS_ReturnSave:
0x00AD	0x0008      	RETURN
; end of __OS_ReturnSave
_UART1_Init:
;__Lib_UART_c67.c,2 :: 		
;__Lib_UART_c67.c,5 :: 		
0x00AE	0x1683      	BSF        STATUS, 5
0x00AF	0x1303      	BCF        STATUS, 6
0x00B0	0x1698      	BSF        TXSTA, 5
;__Lib_UART_c67.c,6 :: 		
0x00B1	0x3090      	MOVLW      144
0x00B2	0x1283      	BCF        STATUS, 5
0x00B3	0x0098      	MOVWF      RCSTA
;__Lib_UART_c67.c,7 :: 		
0x00B4	0x1683      	BSF        STATUS, 5
0x00B5	0x1787      	BSF        TRISC7_bit, BitPos(TRISC7_bit+0)
;__Lib_UART_c67.c,8 :: 		
0x00B6	0x1307      	BCF        TRISC6_bit, BitPos(TRISC6_bit+0)
;__Lib_UART_c67.c,10 :: 		
L_UART1_Init0:
0x00B7	0x1283      	BCF        STATUS, 5
0x00B8	0x1E8C      	BTFSS      PIR1, 5
0x00B9	0x28BD      	GOTO       L_UART1_Init1
;__Lib_UART_c67.c,11 :: 		
0x00BA	0x081A      	MOVF       RCREG, 0
0x00BB	0x00F0      	MOVWF      R0
0x00BC	0x28B7      	GOTO       L_UART1_Init0
L_UART1_Init1:
;__Lib_UART_c67.c,12 :: 		
L_end_UART1_Init:
0x00BD	0x0008      	RETURN
; end of _UART1_Init
___CC2DW:
;__Lib_System.c,134 :: 		
;__Lib_System.c,137 :: 		
_CC2D_Loop1:
;__Lib_System.c,139 :: 		
0x00BE	0x2084      	CALL       _____DoICP
0x00BF	0x118A      	BCF        PCLATH, 3
0x00C0	0x120A      	BCF        PCLATH, 4
;__Lib_System.c,141 :: 		
0x00C1	0x0080      	MOVWF      INDF
;__Lib_System.c,142 :: 		
0x00C2	0x0A84      	INCF       FSR, 1
;__Lib_System.c,143 :: 		
0x00C3	0x0AA7      	INCF       ___DoICPAddr, 1
;__Lib_System.c,145 :: 		
0x00C4	0x1903      	BTFSC      STATUS, 2
;__Lib_System.c,146 :: 		
0x00C5	0x0AA8      	INCF       ___DoICPAddr+1, 1
;__Lib_System.c,147 :: 		
0x00C6	0x03F0      	DECF       R0, 1
;__Lib_System.c,149 :: 		
0x00C7	0x1D03      	BTFSS      STATUS, 2
;__Lib_System.c,150 :: 		
0x00C8	0x28BE      	GOTO       _CC2D_Loop1
;__Lib_System.c,152 :: 		
L_end___CC2DW:
0x00C9	0x0008      	RETURN
; end of ___CC2DW
__OS_JumpToTask:
;osa_pic16_mikroc.c,47 :: 		
;osa_pic16_mikroc.c,49 :: 		
0x00CA	0x2070      	CALL       ___OS_SET_FSR_CUR_TASK
0x00CB	0x3002      	MOVLW      2
0x00CC	0x0784      	ADDWF      FSR, 1
;osa_pic16_mikroc.c,50 :: 		
0x00CD	0x301F      	MOVLW      31
0x00CE	0x0500      	ANDWF      INDF, 0
0x00CF	0x008A      	MOVWF      PCLATH
;osa_pic16_mikroc.c,51 :: 		
0x00D0	0x0304      	DECF       FSR, 0
0x00D1	0x00F0      	MOVWF      R0
0x00D2	0x0870      	MOVF       R0, 0
0x00D3	0x0084      	MOVWF      FSR
;osa_pic16_mikroc.c,53 :: 		
0x00D4	0x0800      	MOVF       INDF, 0
;osa_pic16_mikroc.c,54 :: 		
0x00D5	0x0384      	DECF       FSR, 1
;osa_pic16_mikroc.c,55 :: 		
0x00D6	0x0082      	MOVWF      PCL
;osa_pic16_mikroc.c,57 :: 		
L_end__OS_JumpToTask:
0x00D7	0x0008      	RETURN
; end of __OS_JumpToTask
_Mul_8X8_U:
;__Lib_Math.c,103 :: 		
;__Lib_Math.c,108 :: 		
0x00D8	0x1283      	BCF        STATUS, 5
;__Lib_Math.c,109 :: 		
0x00D9	0x1303      	BCF        STATUS, 6
;__Lib_Math.c,110 :: 		
0x00DA	0x0870      	MOVF       R0, 0
;__Lib_Math.c,111 :: 		
0x00DB	0x00F1      	MOVWF      R1
;__Lib_Math.c,112 :: 		
0x00DC	0x01F0      	CLRF       R0
;__Lib_Math.c,113 :: 		
0x00DD	0x3008      	MOVLW      8
;__Lib_Math.c,114 :: 		
0x00DE	0x00FC      	MOVWF      R12
;__Lib_Math.c,115 :: 		
0x00DF	0x0871      	MOVF       R1, 0
;__Lib_Math.c,116 :: 		
0x00E0	0x0CF4      	RRF        R4, 1
;__Lib_Math.c,117 :: 		
0x00E1	0x1803      	BTFSC      STATUS, 0
;__Lib_Math.c,118 :: 		
0x00E2	0x28E7      	GOTO       $+5
;__Lib_Math.c,119 :: 		
0x00E3	0x0BFC      	DECFSZ     R12, 1
;__Lib_Math.c,120 :: 		
0x00E4	0x28E0      	GOTO       $-4
;__Lib_Math.c,121 :: 		
0x00E5	0x01F1      	CLRF       R1
;__Lib_Math.c,122 :: 		
0x00E6	0x3400      	RETLW      0
;__Lib_Math.c,123 :: 		
0x00E7	0x1003      	BCF        STATUS, 0
;__Lib_Math.c,124 :: 		
0x00E8	0x28EC      	GOTO       $+4
;__Lib_Math.c,125 :: 		
0x00E9	0x0CF4      	RRF        R4, 1
;__Lib_Math.c,126 :: 		
0x00EA	0x1803      	BTFSC      STATUS, 0
;__Lib_Math.c,127 :: 		
0x00EB	0x07F1      	ADDWF      R1, 1
;__Lib_Math.c,128 :: 		
0x00EC	0x0CF1      	RRF        R1, 1
;__Lib_Math.c,129 :: 		
0x00ED	0x0CF0      	RRF        R0, 1
;__Lib_Math.c,130 :: 		
0x00EE	0x0BFC      	DECFSZ     R12, 1
;__Lib_Math.c,131 :: 		
0x00EF	0x28E9      	GOTO       $-6
;__Lib_Math.c,133 :: 		
;__Lib_Math.c,134 :: 		
L_end_Mul_8X8_U:
0x00F0	0x0008      	RETURN
; end of _Mul_8X8_U
_serial_init:
;serial.c,5 :: 		void serial_init()
;serial.c,7 :: 		UART1_Init(BAUDRATE);
0x00F1	0x3081      	MOVLW      129
0x00F2	0x1683      	BSF        STATUS, 5
0x00F3	0x1303      	BCF        STATUS, 6
0x00F4	0x0099      	MOVWF      SPBRG
0x00F5	0x1518      	BSF        TXSTA, 2
0x00F6	0x20AE      	CALL       _UART1_Init
;serial.c,8 :: 		}
L_end_serial_init:
0x00F7	0x0008      	RETURN
; end of _serial_init
_systick_init:
;main.c,21 :: 		void systick_init()
;main.c,23 :: 		T2CON         = 0x36;
0x00F8	0x3036      	MOVLW      54
0x00F9	0x1283      	BCF        STATUS, 5
0x00FA	0x1303      	BCF        STATUS, 6
0x00FB	0x0092      	MOVWF      T2CON
;main.c,24 :: 		PR2                 = 223;
0x00FC	0x30DF      	MOVLW      223
0x00FD	0x1683      	BSF        STATUS, 5
0x00FE	0x0092      	MOVWF      PR2
;main.c,25 :: 		TMR2IE_bit         = 1;
0x00FF	0x148C      	BSF        TMR2IE_bit, BitPos(TMR2IE_bit+0)
;main.c,26 :: 		INTCON         = 0xC0;
0x0100	0x30C0      	MOVLW      192
0x0101	0x008B      	MOVWF      INTCON
;main.c,27 :: 		}
L_end_systick_init:
0x0102	0x0008      	RETURN
; end of _systick_init
_OS_Init:
;osa_system.c,67 :: 		
;osa_system.c,72 :: 		
0x0103	0x1283      	BCF        STATUS, 5
0x0104	0x1303      	BCF        STATUS, 6
0x0105	0x01A6      	CLRF       __OS_Flags
;osa_system.c,75 :: 		
0x0106	0x1F8A      	BTFSS      PCLATH, 7
0x0107	0x2909      	GOTO       L_OS_Init31
0x0108	0x208B      	CALL       __OS_ReturnSave
L_OS_Init31:
;osa_system.c,326 :: 		
0x0109	0x1330      	BCF        __OS_Tasks, 6
;osa_system.c,329 :: 		
0x010A	0x1335      	BCF        __OS_Tasks+5, 6
;osa_system.c,333 :: 		
0x010B	0x133A      	BCF        __OS_Tasks+10, 6
;osa_system.c,337 :: 		
0x010C	0x133F      	BCF        __OS_Tasks+15, 6
;osa_system.c,341 :: 		
0x010D	0x1344      	BCF        __OS_Tasks+20, 6
;osa_system.c,379 :: 		
0x010E	0x3000      	MOVLW      hi_addr(__OS_Tasks)
0x010F	0x3800      	IORLW      0
0x0110	0x1383      	BCF        STATUS, 7
0x0111	0x1D03      	BTFSS      STATUS, 2
0x0112	0x1783      	BSF        STATUS, 7
;osa_system.c,380 :: 		
0x0113	0x3030      	MOVLW      __OS_Tasks
0x0114	0x00CD      	MOVWF      __OS_CurTask
;osa_system.c,381 :: 		
0x0115	0x3005      	MOVLW      5
0x0116	0x00C9      	MOVWF      __OS_Temp
;osa_system.c,382 :: 		
L_OS_Init32:
;osa_system.c,384 :: 		
0x0117	0x3001      	MOVLW      1
0x0118	0x0249      	SUBWF      __OS_Temp, 0
0x0119	0x00F0      	MOVWF      R0
0x011A	0x01F1      	CLRF       R0+1
0x011B	0x1C03      	BTFSS      STATUS, 0
0x011C	0x03F1      	DECF       R0+1, 1
0x011D	0x0870      	MOVF       R0, 0
0x011E	0x3E4E      	ADDLW      __OS_TaskQueue
0x011F	0x0084      	MOVWF      FSR
0x0120	0x0870      	MOVF       R0, 0
0x0121	0x0080      	MOVWF      INDF
;osa_system.c,385 :: 		
0x0122	0x3001      	MOVLW      1
0x0123	0x0249      	SUBWF      __OS_Temp, 0
0x0124	0x00F0      	MOVWF      R0
0x0125	0x01F1      	CLRF       R0+1
0x0126	0x1C03      	BTFSS      STATUS, 0
0x0127	0x03F1      	DECF       R0+1, 1
0x0128	0x0870      	MOVF       R0, 0
0x0129	0x3E2B      	ADDLW      __OS_TaskLevel
0x012A	0x0084      	MOVWF      FSR
0x012B	0x0180      	CLRF       INDF
;osa_system.c,386 :: 		
0x012C	0x03C9      	DECF       __OS_Temp, 1
0x012D	0x0849      	MOVF       __OS_Temp, 0
0x012E	0x1D03      	BTFSS      STATUS, 2
0x012F	0x2917      	GOTO       L_OS_Init32
;osa_system.c,387 :: 		
0x0130	0x1383      	BCF        IRP_bit, BitPos(IRP_bit+0)
;osa_system.c,394 :: 		
L_end_OS_Init:
0x0131	0x0008      	RETURN
; end of _OS_Init
_RTC_init:
;rtc.c,3 :: 		void RTC_init()
;rtc.c,5 :: 		ANSEL=0;
0x0132	0x1683      	BSF        STATUS, 5
0x0133	0x1703      	BSF        STATUS, 6
0x0134	0x0188      	CLRF       ANSEL
;rtc.c,6 :: 		ANSELH=0;
0x0135	0x0189      	CLRF       ANSELH
;rtc.c,7 :: 		I2C1_Init(100000);                        // initialize I2C
0x0136	0x3032      	MOVLW      50
0x0137	0x1303      	BCF        STATUS, 6
0x0138	0x0093      	MOVWF      SSPADD
0x0139	0x207A      	CALL       _I2C1_Init
;rtc.c,9 :: 		}
L_end_RTC_init:
0x013A	0x0008      	RETURN
; end of _RTC_init
_main:
;main.c,10 :: 		int main(void)
;main.c,12 :: 		serial_init();
0x013B	0x20F1      	CALL       _serial_init
;main.c,13 :: 		RTC_init();
0x013C	0x2132      	CALL       _RTC_init
;main.c,14 :: 		OS_Init();
0x013D	0x2103      	CALL       _OS_Init
;main.c,16 :: 		Systick_Init();
0x013E	0x20F8      	CALL       _systick_init
;main.c,17 :: 		OS_Run();
L_main0:
0x013F	0x1283      	BCF        STATUS, 5
0x0140	0x1226      	BCF        __OS_Flags, 4
0x0141	0x15A6      	BSF        __OS_Flags, 3
0x0142	0x01AA      	CLRF       __OS_Best_Priority
0x0143	0x01A9      	CLRF       __OS_Worst_Priority
0x0144	0x1D26      	BTFSS      __OS_Flags, 2
0x0145	0x2947      	GOTO       L_main3
0x0146	0x2954      	GOTO       ___main__OS_SCHED_CHECK_READY
L_main3:
0x0147	0x3005      	MOVLW      5
0x0148	0x00CC      	MOVWF      __OS_n
L_main4:
0x0149	0x3001      	MOVLW      1
0x014A	0x024C      	SUBWF      __OS_n, 0
0x014B	0x00F0      	MOVWF      R0
0x014C	0x01F1      	CLRF       R0+1
0x014D	0x1C03      	BTFSS      STATUS, 0
0x014E	0x03F1      	DECF       R0+1, 1
0x014F	0x0870      	MOVF       R0, 0
0x0150	0x3E4E      	ADDLW      __OS_TaskQueue
0x0151	0x0084      	MOVWF      FSR
0x0152	0x0800      	MOVF       INDF, 0
0x0153	0x00CB      	MOVWF      __OS_Cur_Pos
___main__OS_SCHED_CHECK_READY:
0x0154	0x3005      	MOVLW      5
0x0155	0x00F0      	MOVWF      R0
0x0156	0x084B      	MOVF       __OS_Cur_Pos, 0
0x0157	0x00F4      	MOVWF      R4
0x0158	0x20D8      	CALL       _Mul_8X8_U
0x0159	0x0870      	MOVF       R0, 0
0x015A	0x3E30      	ADDLW      __OS_Tasks
0x015B	0x00CD      	MOVWF      __OS_CurTask
0x015C	0x2070      	CALL       ___OS_SET_FSR_CUR_TASK
0x015D	0x1F00      	BTFSS      __indf, 6
0x015E	0x2962      	GOTO       L__main43
0x015F	0x1B80      	BTFSC      __indf, 7
0x0160	0x2962      	GOTO       L__main43
0x0161	0x2963      	GOTO       L_main9
L__main43:
0x0162	0x29D0      	GOTO       ___main__OS_SCHED_CONTINUE
L_main9:
0x0163	0x1980      	BTFSC      __indf, 3
0x0164	0x2999      	GOTO       L_main10
___main__OS_SCHED_RUN:
0x0165	0x20CA      	CALL       __OS_JumpToTask
0x0166	0x0183      	CLRF       __status
0x0167	0x3001      	MOVLW      hi_addr($+0)
0x0168	0x008A      	MOVWF      __pclath
0x0169	0x2070      	CALL       ___OS_SET_FSR_CUR_TASK
0x016A	0x19A6      	BTFSC      __OS_Flags, 3
0x016B	0x2999      	GOTO       L_main11
0x016C	0x1980      	BTFSC      __indf, 3
0x016D	0x2971      	GOTO       L__main42
0x016E	0x1BA6      	BTFSC      __OS_Flags, 7
0x016F	0x2971      	GOTO       L__main42
0x0170	0x2998      	GOTO       L_main14
L__main42:
0x0171	0x084B      	MOVF       __OS_Cur_Pos, 0
0x0172	0x3E2B      	ADDLW      __OS_TaskLevel
0x0173	0x00F1      	MOVWF      R1
0x0174	0x0871      	MOVF       R1, 0
0x0175	0x0084      	MOVWF      FSR
0x0176	0x0829      	MOVF       __OS_Worst_Priority, 0
0x0177	0x0200      	SUBWF      INDF, 0
0x0178	0x00F0      	MOVWF      R0
0x0179	0x0871      	MOVF       R1, 0
0x017A	0x0084      	MOVWF      FSR
0x017B	0x0870      	MOVF       R0, 0
0x017C	0x0080      	MOVWF      INDF
0x017D	0x084A      	MOVF       __OS_Best_n, 0
0x017E	0x00CC      	MOVWF      __OS_n
L_main15:
0x017F	0x084C      	MOVF       __OS_n, 0
0x0180	0x1903      	BTFSC      STATUS, 2
0x0181	0x2996      	GOTO       L_main16
0x0182	0x084C      	MOVF       __OS_n, 0
0x0183	0x3E4E      	ADDLW      __OS_TaskQueue
0x0184	0x00F2      	MOVWF      R2
0x0185	0x3001      	MOVLW      1
0x0186	0x024C      	SUBWF      __OS_n, 0
0x0187	0x00F0      	MOVWF      R0
0x0188	0x01F1      	CLRF       R0+1
0x0189	0x1C03      	BTFSS      STATUS, 0
0x018A	0x03F1      	DECF       R0+1, 1
0x018B	0x0870      	MOVF       R0, 0
0x018C	0x3E4E      	ADDLW      __OS_TaskQueue
0x018D	0x0084      	MOVWF      FSR
0x018E	0x0800      	MOVF       INDF, 0
0x018F	0x00F0      	MOVWF      R0
0x0190	0x0872      	MOVF       R2, 0
0x0191	0x0084      	MOVWF      FSR
0x0192	0x0870      	MOVF       R0, 0
0x0193	0x0080      	MOVWF      INDF
0x0194	0x03CC      	DECF       __OS_n, 1
0x0195	0x297F      	GOTO       L_main15
L_main16:
0x0196	0x084B      	MOVF       __OS_Cur_Pos, 0
0x0197	0x00CE      	MOVWF      __OS_TaskQueue
L_main14:
0x0198	0x29EE      	GOTO       ___main_SCHED_END
L_main11:
L_main10:
0x0199	0x1E00      	BTFSS      __indf, 4
0x019A	0x299E      	GOTO       L_main19
0x019B	0x1A80      	BTFSC      __indf, 5
0x019C	0x299E      	GOTO       L_main19
L__main41:
0x019D	0x29D0      	GOTO       ___main__OS_SCHED_CONTINUE
L_main19:
0x019E	0x1D80      	BTFSS      __indf, 3
0x019F	0x29D0      	GOTO       L_main20
0x01A0	0x084B      	MOVF       __OS_Cur_Pos, 0
0x01A1	0x3E2B      	ADDLW      __OS_TaskLevel
0x01A2	0x0084      	MOVWF      FSR
0x01A3	0x0800      	MOVF       INDF, 0
0x01A4	0x00F1      	MOVWF      R1
0x01A5	0x0871      	MOVF       R1, 0
0x01A6	0x00C9      	MOVWF      __OS_Temp
0x01A7	0x1BF1      	BTFSC      R1, 7
0x01A8	0x29BE      	GOTO       L_main21
0x01A9	0x3008      	MOVLW      8
0x01AA	0x0749      	ADDWF      __OS_Temp, 0
0x01AB	0x00F1      	MOVWF      R1
0x01AC	0x0871      	MOVF       R1, 0
0x01AD	0x00C9      	MOVWF      __OS_Temp
0x01AE	0x084D      	MOVF       __OS_CurTask, 0
0x01AF	0x0084      	MOVWF      FSR
0x01B0	0x0800      	MOVF       INDF, 0
0x01B1	0x00F0      	MOVWF      R0
0x01B2	0x3007      	MOVLW      7
0x01B3	0x05F0      	ANDWF      R0, 1
0x01B4	0x0870      	MOVF       R0, 0
0x01B5	0x0271      	SUBWF      R1, 0
0x01B6	0x00F0      	MOVWF      R0
0x01B7	0x0870      	MOVF       R0, 0
0x01B8	0x00C9      	MOVWF      __OS_Temp
0x01B9	0x084B      	MOVF       __OS_Cur_Pos, 0
0x01BA	0x3E2B      	ADDLW      __OS_TaskLevel
0x01BB	0x0084      	MOVWF      FSR
0x01BC	0x0870      	MOVF       R0, 0
0x01BD	0x0080      	MOVWF      INDF
L_main21:
0x01BE	0x0849      	MOVF       __OS_Temp, 0
0x01BF	0x022A      	SUBWF      __OS_Best_Priority, 0
0x01C0	0x1803      	BTFSC      STATUS, 0
0x01C1	0x29CA      	GOTO       L_main22
0x01C2	0x082A      	MOVF       __OS_Best_Priority, 0
0x01C3	0x00A9      	MOVWF      __OS_Worst_Priority
0x01C4	0x0849      	MOVF       __OS_Temp, 0
0x01C5	0x00AA      	MOVWF      __OS_Best_Priority
0x01C6	0x034C      	DECF       __OS_n, 0
0x01C7	0x00CA      	MOVWF      __OS_Best_n
0x01C8	0x1626      	BSF        __OS_Flags, 4
0x01C9	0x29D0      	GOTO       L_main23
L_main22:
0x01CA	0x0849      	MOVF       __OS_Temp, 0
0x01CB	0x0229      	SUBWF      __OS_Worst_Priority, 0
0x01CC	0x1803      	BTFSC      STATUS, 0
0x01CD	0x29D0      	GOTO       L_main24
0x01CE	0x0849      	MOVF       __OS_Temp, 0
0x01CF	0x00A9      	MOVWF      __OS_Worst_Priority
L_main24:
L_main23:
L_main20:
___main__OS_SCHED_CONTINUE:
0x01D0	0x1926      	BTFSC      __OS_Flags, 2
0x01D1	0x29D7      	GOTO       L__main40
0x01D2	0x03CC      	DECF       __OS_n, 1
0x01D3	0x084C      	MOVF       __OS_n, 0
0x01D4	0x1903      	BTFSC      STATUS, 2
0x01D5	0x29D7      	GOTO       L__main40
0x01D6	0x2949      	GOTO       L_main4
L__main40:
0x01D7	0x1E26      	BTFSS      __OS_Flags, 4
0x01D8	0x29EE      	GOTO       L_main27
0x01D9	0x11A6      	BCF        __OS_Flags, 3
0x01DA	0x13A6      	BCF        __OS_Flags, 7
0x01DB	0x084A      	MOVF       __OS_Best_n, 0
0x01DC	0x3E4E      	ADDLW      __OS_TaskQueue
0x01DD	0x0084      	MOVWF      FSR
0x01DE	0x0800      	MOVF       INDF, 0
0x01DF	0x00F0      	MOVWF      R0
0x01E0	0x0870      	MOVF       R0, 0
0x01E1	0x00CB      	MOVWF      __OS_Cur_Pos
0x01E2	0x3005      	MOVLW      5
0x01E3	0x00F4      	MOVWF      R4
0x01E4	0x20D8      	CALL       _Mul_8X8_U
0x01E5	0x0870      	MOVF       R0, 0
0x01E6	0x3E30      	ADDLW      __OS_Tasks
0x01E7	0x00CD      	MOVWF      __OS_CurTask
0x01E8	0x2070      	CALL       ___OS_SET_FSR_CUR_TASK
0x01E9	0x1F00      	BTFSS      __indf, 6
0x01EA	0x29EE      	GOTO       L_main30
0x01EB	0x1B80      	BTFSC      __indf, 7
0x01EC	0x29EE      	GOTO       L_main30
L__main39:
0x01ED	0x2965      	GOTO       ___main__OS_SCHED_RUN
L_main30:
L_main27:
___main_SCHED_END:
0x01EE	0x293F      	GOTO       L_main0
;main.c,20 :: 		}
L_end_main:
0x01EF	0x29EF      	GOTO       $+0
; end of _main
Symbol List:
//** Routines locations **
//ADDRESS    SIZE    PROCEDURE
//----------------------------------------------
0x0004     [108]    _systick_INT
0x0070      [10]    ___OS_SET_FSR_CUR_TASK
0x007A      [10]    _I2C1_Init
0x0084       [7]    _____DoICP
0x008B      [35]    __OS_ReturnSave
0x00AE      [16]    _UART1_Init
0x00BE      [12]    ___CC2DW
0x00CA      [14]    __OS_JumpToTask
0x00D8      [25]    _Mul_8X8_U
0x00F1       [7]    _serial_init
0x00F8      [11]    _systick_init
0x0103      [47]    _OS_Init
0x0132       [9]    _RTC_init
0x013B     [181]    _main
//** Variables locations ** 
//ADDRESS    SIZE    VARIABLE
//----------------------------------------------
0x0000       [1]    __indf
0x0000       [1]    INDF
0x0002       [1]    PCL
0x0002       [1]    __pcl
0x0003       [0]    IRP_bit
0x0003       [1]    __status
0x0003       [1]    STATUS
0x0004       [1]    FSR
0x0004       [1]    __fsr
0x000A       [1]    __pclath
0x000A       [1]    PCLATH
0x000B       [1]    INTCON
0x000C       [0]    TMR2IF_bit
0x000C       [1]    PIR1
0x0012       [1]    T2CON
0x0014       [1]    SSPCON
0x0018       [1]    RCSTA
0x001A       [1]    RCREG
0x0026       [1]    __OS_Flags
0x0027       [2]    ___DoICPAddr
0x0029       [1]    __OS_Worst_Priority
0x002A       [1]    __OS_Best_Priority
0x002B       [5]    __OS_TaskLevel
0x0030      [25]    __OS_Tasks
0x0049       [1]    __OS_Temp
0x004A       [1]    __OS_Best_n
0x004B       [1]    __OS_Cur_Pos
0x004C       [1]    __OS_n
0x004D       [1]    __OS_CurTask
0x004E       [5]    __OS_TaskQueue
0x0053       [1]    ___savePCLATH
0x0054       [1]    ___saveSTATUS
0x0055       [4]    FARG_I2C1_Init_clock
0x0059       [1]    systick_INT__os_i_L3
0x0070       [1]    R0
0x0071       [1]    R1
0x0072       [1]    R2
0x0073       [1]    R3
0x0074       [1]    R4
0x0075       [1]    R5
0x0076       [1]    R6
0x0077       [1]    R7
0x0078       [1]    R8
0x0079       [1]    R9
0x007A       [1]    R10
0x007B       [1]    R11
0x007C       [1]    R12
0x007D       [1]    R13
0x007E       [1]    R14
0x007F       [1]    R15
0x0087       [0]    TRISC6_bit
0x0087       [0]    TRISC3_bit
0x0087       [0]    TRISC7_bit
0x0087       [0]    TRISC4_bit
0x008C       [0]    TMR2IE_bit
0x0092       [1]    PR2
0x0093       [1]    SSPADD
0x0094       [1]    SSPSTAT
0x0098       [1]    TXSTA
0x0099       [1]    SPBRG
0x009A       [1]    SPBRGH
0x0188       [1]    ANSEL
0x0189       [1]    ANSELH
//** Label List: ** 
//----------------------------------------------
  L_main0
  L_main1
  L_main2
  L_main3
  ___main__OS_SCHED_CHECK_READY
  L_main4
  L_main5
  L_main6
  L_main7
  L_main8
  L_main9
  ___main__OS_SCHED_CONTINUE
  L_main10
  ___main__OS_SCHED_RUN
  L_main11
  L_main12
  L_main13
  L_main14
  L_main15
  L_main16
  ___main_SCHED_END
  L_main17
  L_main18
  L_main19
  L_main20
  L_main21
  L_main22
  L_main23
  L_main24
  L_main25
  L_main26
  L_main27
  L_main28
  L_main29
  L_main30
  L_main31
  L_main32
  L_systick_INT33
  L_systick_INT34
  L_systick_INT35
  L_systick_INT36
  L_systick_INT37
  L_systick_INT38
  L__main39
  L__main40
  L__main41
  L__main42
  L__main43
  L_end_main
  _main
  L_end_systick_init
  _systick_init
  L_end_systick_INT
  _systick_INT
  L__systick_INT47
  L__OS_ReturnSave0
  L__OS_ReturnSave1
  L__OS_ReturnSave2
  L__OS_Task_Create3
  L__OS_Task_Create4
  L__OS_Task_Create5
  L__OS_Task_Create6
  L__OS_Task_IsPaused7
  L__OS_Task_IsPaused8
  L__OS_Task_IsEnable9
  L__OS_Task_IsEnable10
  L_OS_EnterCriticalSection11
  L_OS_LeaveCriticalSection12
  L_OS_LeaveCriticalSection13
  L__OS_InitDelay14
  L__OS_CheckEvent15
  L__OS_CheckEvent16
  ____OS_CheckEvent_EXIT_GOOD
  L__OS_CheckEvent17
  L__OS_CheckEvent18
  L__OS_CheckEvent19
  L__OS_CheckEvent20
  L__OS_Queue_Send21
  L__OS_Queue_Send22
  L__OS_Queue_Send23
  ____OS_Queue_Send_EXIT
  L__OS_Queue_Send24
  L__OS_Queue_Send25
  L__OS_Queue_Get26
  L__OS_Queue_Get27
  L__OS_Queue_Get28
  L__OS_Csem_Signal29
  L__OS_Csem_Signal_I30
  L_OS_Init31
  L_OS_Init32
  L_OS_Init33
  L_OS_Init34
  L___OS_CheckEvent35
  L_end__OS_JumpToTask
  __OS_JumpToTask
  L_end__OS_ReturnSave
  __OS_ReturnSave
  L_end___OS_SET_FSR_CUR_TASK
  ___OS_SET_FSR_CUR_TASK
  L_end__OS_Task_Create
  __OS_Task_Create
  L_end__OS_Task_GetPriority
  __OS_Task_GetPriority
  L_end__OS_Task_IsPaused
  __OS_Task_IsPaused
  L_end__OS_Task_IsEnable
  __OS_Task_IsEnable
  L_end_OS_DI
  _OS_DI
  L_end__OS_DI_INT
  __OS_DI_INT
  L_end_OS_EnterCriticalSection
  _OS_EnterCriticalSection
  L_end_OS_LeaveCriticalSection
  _OS_LeaveCriticalSection
  L_end__OS_InitDelay
  __OS_InitDelay
  L_end__OS_CheckEvent
  __OS_CheckEvent
  L_end__OS_Queue_Send
  __OS_Queue_Send
  L___OS_Queue_Send50
  L_end__OS_Queue_Get
  __OS_Queue_Get
  L_end__OS_Csem_Signal
  __OS_Csem_Signal
  L_end__OS_Csem_Signal_I
  __OS_Csem_Signal_I
  L_end_OS_Init
  _OS_Init
  L_end_RTC_init
  _RTC_init
  L_end_Transform_Time
  _Transform_Time
  L_end_Read_Time
  _Read_Time
  L_end_Write_Time
  _Write_Time
  L_end_serial_init
  _serial_init
  L_end_serial_dataready
  _serial_dataready
  L_end_serial_read
  _serial_read
  L_end_serial_write_text
  _serial_write_text
  L_I2C1_Is_Idle0
  L_I2C1_Is_Idle1
  L_I2C1_Start2
  L_I2C1_Start3
  L_I2C1_Start4
  L_I2C1_Start5
  L_I2C1_Start6
  L_I2C1_Start7
  L_I2C1_Start8
  L_I2C1_Start9
  L_I2C1_Repeated_Start10
  L_I2C1_Repeated_Start11
  L_I2C1_Rd12
  L_I2C1_Rd13
  L_I2C1_Rd14
  L_I2C1_Rd15
  L_I2C1_Rd16
  L_I2C1_Rd17
  L_I2C1_Wr18
  L_I2C1_Wr19
  L_I2C1_Wr20
  L_I2C1_Wr21
  L_I2C1_Wr22
  L_I2C1_Wr23
  L_end_I2C1_Init
  _I2C1_Init
  L_end_I2C1_Is_Idle
  _I2C1_Is_Idle
  L_end_I2C1_Start
  _I2C1_Start
  L__I2C1_Start27
  L__I2C1_Start28
  L_end_I2C1_Repeated_Start
  _I2C1_Repeated_Start
  L_end_I2C1_Rd
  _I2C1_Rd
  L_end_I2C1_Wr
  _I2C1_Wr
  L_end_I2C1_Stop
  _I2C1_Stop
  L_Div_16x16_S0
  L_Div_16x16_S1
  LOOPS3232A
  SADD22LA
  SOK22LA
  SADD22L8
  SOK22L8
  LOOPS3232B
  SADD22LB
  SOK22LB
  SADD22L16
  SOK22L16
  LOOPS3232C
  SADD22LC
  SOK22LC
  SADD22L24
  SOK22L24
  LOOPS3232D
  SADD22LD
  SOK22LD
  SOK22L
  L_Div_32x32_S6
  L_Div_32x32_S7
  L_Div_32x32_S8
  L_Div_32x32_S9
  FXD3232S
  END_ALL
  CA3232S
  C3232SX
  C3232SX1
  C3232S
  C3232S2
  C3232SX4
  C3232SOK
  C3232SX3
  C3232SX2
  avoid_comfrem
  LOOPU3232A
  UADD22LA
  UOK22LA
  UADD22L8
  UOK22L8
  LOOPU3232B
  UADD22LB
  UOK22LB
  UADD22L16
  UOK22L16
  LOOPU3232C
  UADD22LC
  UOK22LC
  UADD22L24
  UOK22L24
  LOOPU3232D
  UADD22LD
  UOK22LD
  UOK22L
  _NEXT
  _EXIT2
  _LOOP
  _EXIT1
  _IF_FIRST
  _IF_SECOND
  _INVERCE_FIRST
  _MULT
  _INBERSE_SECOND
  _EXIT
  L_end_Mul_8X8_U
  _Mul_8X8_U
  L_end_Mul_16X16_U
  _Mul_16X16_U
  L_end_Div_8X8_U
  _Div_8X8_U
  L_end_Div_16X16_U
  _Div_16X16_U
  L_end_Mul_8X8_S
  _Mul_8X8_S
  L_end_Mul_16X16_S
  _Mul_16X16_S
  L_end_Div_16x16_S_L
  _Div_16x16_S_L
  L_end_Div_16x16_S
  _Div_16x16_S
  L_end_Div_8X8_S
  _Div_8X8_S
  L_end_SDIV3232L
  _SDIV3232L
  L_end_COMFREM
  _COMFREM
  L_end_Div_32x32_S
  _Div_32x32_S
  L_end_Div_32x32_U
  _Div_32x32_U
  L_end_Mul_32x32_U
  _Mul_32x32_U
  L_end_Mul_32x32_S
  _Mul_32x32_S
  L_loopCA2AWs
  L_CA2AWend
  _CCA2AW_Loop1
  L_loopCS2Ss
  L_CS2Send
  _CCS2S_Loop1
  L_CCS2Send
  L_loopFZinSWs
  L_FZinSend
  _CC2D_Loop1
  L_end_____DoICP
  _____DoICP
  L_end_____DoIFC
  _____DoIFC
  L_end___CA2AW
  ___CA2AW
  L_end___CCA2AW
  ___CCA2AW
  L_end___CS2S
  ___CS2S
  L_end___CCS2S
  ___CCS2S
  L_end___FZinS
  ___FZinS
  L_end___CC2DW
  ___CC2DW
  L_end_Swap
  _Swap
  L_UART1_Init0
  L_UART1_Init1
  L_UART1_Read2
  L_UART1_Write3
  L_UART1_Write4
  L_UART1_Write_Text5
  L_UART1_Write_Text6
  L_UART1_Read_Text7
  L_UART1_Read_Text8
  L_UART1_Read_Text9
  L_UART1_Read_Text10
  L_UART1_Read_Text11
  L_UART1_Read_Text12
  L_UART1_Read_Text13
  L_UART1_Read_Text14
  L_UART1_Read_Text15
  L_end_UART1_Init
  _UART1_Init
  L_end_UART1_Data_Ready
  _UART1_Data_Ready
  L_end_UART1_Read
  _UART1_Read
  L_end_UART1_Tx_Idle
  _UART1_Tx_Idle
  L_end_UART1_Write
  _UART1_Write
  L_end_UART1_Write_Text
  _UART1_Write_Text
  L_end_UART1_Read_Text
  _UART1_Read_Text
  L_main0
  L_main1
  L_main2
  L_main3
  ___main__OS_SCHED_CHECK_READY
  L_main4
  L_main5
  L_main6
  L_main7
  L_main8
  L_main9
  ___main__OS_SCHED_CONTINUE
  L_main10
  ___main__OS_SCHED_RUN
  L_main11
  L_main12
  L_main13
  L_main14
  L_main15
  L_main16
  ___main_SCHED_END
  L_main17
  L_main18
  L_main19
  L_main20
  L_main21
  L_main22
  L_main23
  L_main24
  L_main25
  L_main26
  L_main27
  L_main28
  L_main29
  L_main30
  L_main31
  L_main32
  L_systick_INT33
  L_systick_INT34
  L_systick_INT35
  L_systick_INT36
  L_systick_INT37
  L_systick_INT38
  L__main39
  L__main40
  L__main41
  L__main42
  L__main43
  L_end_main
  _main
  L_end_systick_init
  _systick_init
  L_end_systick_INT
  _systick_INT
  L__systick_INT47
