0	1	mikroCPIC1618.exe -MSF -DBG -pP16F874A -RA -LHF -GC -Y -DL -O11111100 -fo20 -N"E:\BluetoothFilesreciever\osa_110306\osa\example\mikroc\lights_mikroc16.mcppi" -SP"C:\Users\Public\Documents\Mikroelektronika\mikroC PRO for PIC\defs\" -SP"C:\Users\Public\Documents\Mikroelektronika\mikroC PRO for PIC\Uses\P16\" -SP"E:\BluetoothFilesreciever\osa_110306\osa\example\mikroc\" -SP"G:\Program Files\Mikroelektronika\mikroC PRO for PIC\defs\" -SP"G:\Program Files\Mikroelektronika\mikroC PRO for PIC\Uses\P16\" -SP"C:\osa\example\mikroc\" -SP"C:\Program Files\Mikroelektronika\mikroC PRO for PIC\defs\" -SP"C:\Program Files\Mikroelektronika\mikroC PRO for PIC\Uses\P16\" -SP"C:\osa\" -SP"E:\BluetoothFilesreciever\osa_110306\osa\" -IP"C:\osa\example\mikroc\" -IP"C:\osa\" -IP"E:\BluetoothFilesreciever\osa_110306\osa\" -IP"E:\BluetoothFilesreciever\osa_110306\osa\example\mikroc\" "lights_mikroc.c" "osa.c" "__Lib_Math.mcl" "__Lib_MathDouble.mcl" "__Lib_System.mcl" "__Lib_Delays.mcl"	 
warning: 0	1501	Specified search path does not exist: 'G:\Program Files\Mikroelektronika\mikroC PRO for PIC\defs'	 
warning: 0	1501	Specified search path does not exist: 'G:\Program Files\Mikroelektronika\mikroC PRO for PIC\Uses\P16'	 
warning: 0	1501	Specified search path does not exist: 'C:\osa\example\mikroc'	 
warning: 0	1501	Specified search path does not exist: 'C:\Program Files\Mikroelektronika\mikroC PRO for PIC\defs'	 
warning: 0	1501	Specified search path does not exist: 'C:\Program Files\Mikroelektronika\mikroC PRO for PIC\Uses\P16'	 
warning: 0	1501	Specified search path does not exist: 'C:\osa'	 
warning: 0	1502	Specified include path does not exist: 'C:\osa\example\mikroc'	 
warning: 0	1502	Specified include path does not exist: 'C:\osa'	 
hint: 0	1139	Available RAM: 176 [bytes], Available ROM: 4096 [bytes]	 
diagnostics: 0	122	Compilation Started	P16F874A.c
diagnostics: 666	123	Compiled Successfully	P16F874A.c
diagnostics: 0	122	Compilation Started	__Lib_Delays.c
diagnostics: 123	123	Compiled Successfully	__Lib_Delays.c
diagnostics: 0	126	All files Preprocessed in 125 ms	 
diagnostics: 0	122	Compilation Started	osa.h
diagnostics: 429	123	Compiled Successfully	lights_mikroc.c
diagnostics: 0	122	Compilation Started	osa.h
diagnostics: 36	123	Compiled Successfully	osa_tasks.c
diagnostics: 0	127	All files Compiled in 171 ms	 
hint: 0	1144	Used RAM (bytes): 42 (24%)  Free RAM (bytes): 134 (76%)	Used RAM (bytes): 42 (24%)  Free RAM (bytes): 134 (76%)
hint: 0	1144	Used ROM (program words): 589 (14%)  Free ROM (program words): 3507 (86%)	Used ROM (program words): 589 (14%)  Free ROM (program words): 3507 (86%)
diagnostics: 0	125	Project Linked Successfully	lights_mikroc16.mcppi
hint: 0	1004	COFF file successfully generated	COFF file successfully generated
diagnostics: 0	128	Linked in 110 ms	 
diagnostics: 0	129	Project 'lights_mikroc16.mcppi' completed: 671 ms	 
diagnostics: 0	103	Finished successfully: 04 Sep 2014, 18:28:08	lights_mikroc16.mcppi
