0	1	mikroCPIC1618.exe -MSF -DBG -pP18F258 -RA -LHF -GC -Y -DL -O11111100 -fo20 -N"E:\BluetoothFilesreciever\osa_110306\osa\example\mikroc\lights_mikroc18.mcppi" -SP"C:\Users\Public\Documents\Mikroelektronika\mikroC PRO for PIC\defs\" -SP"C:\Users\Public\Documents\Mikroelektronika\mikroC PRO for PIC\uses\P18\" -SP"E:\BluetoothFilesreciever\osa_110306\osa\example\mikroc\" -SP"G:\Program Files\Mikroelektronika\mikroC PRO for PIC\defs\" -SP"G:\Program Files\Mikroelektronika\mikroC PRO for PIC\uses\P18\" -SP"C:\osa\example\mikroc\" -SP"C:\osa\" -SP"E:\BluetoothFilesreciever\osa_110306\osa\" -IP"C:\osa\example\mikroc\" -IP"C:\osa\" -IP"E:\BluetoothFilesreciever\osa_110306\osa\" -IP"E:\BluetoothFilesreciever\osa_110306\osa\example\mikroc\" "lights_mikroc.c" "osa.c" "__Lib_Math.mcl" "__Lib_MathDouble.mcl" "__Lib_System.mcl" "__Lib_Delays.mcl"	 
warning: 0	1501	Specified search path does not exist: 'G:\Program Files\Mikroelektronika\mikroC PRO for PIC\defs'	 
warning: 0	1501	Specified search path does not exist: 'G:\Program Files\Mikroelektronika\mikroC PRO for PIC\uses\P18'	 
warning: 0	1501	Specified search path does not exist: 'C:\osa\example\mikroc'	 
warning: 0	1501	Specified search path does not exist: 'C:\osa'	 
warning: 0	1502	Specified include path does not exist: 'C:\osa\example\mikroc'	 
warning: 0	1502	Specified include path does not exist: 'C:\osa'	 
hint: 0	1139	Available RAM: 1515 [bytes], Available ROM: 32768 [bytes]	 
diagnostics: 0	122	Compilation Started	P18F258.c
diagnostics: 2869	123	Compiled Successfully	P18F258.c
diagnostics: 0	122	Compilation Started	__Lib_Delays.c
diagnostics: 172	123	Compiled Successfully	__Lib_Delays.c
diagnostics: 0	126	All files Preprocessed in 125 ms	 
diagnostics: 0	122	Compilation Started	osa.h
diagnostics: 429	123	Compiled Successfully	lights_mikroc.c
diagnostics: 0	122	Compilation Started	osa.h
diagnostics: 140	123	Compiled Successfully	osa_tasks.c
diagnostics: 0	127	All files Compiled in 156 ms	 
hint: 0	1144	Used RAM (bytes): 43 (3%)  Free RAM (bytes): 1472 (97%)	Used RAM (bytes): 43 (3%)  Free RAM (bytes): 1472 (97%)
hint: 0	1144	Used ROM (bytes): 1096 (3%)  Free ROM (bytes): 31672 (97%)	Used ROM (bytes): 1096 (3%)  Free ROM (bytes): 31672 (97%)
diagnostics: 0	125	Project Linked Successfully	lights_mikroc18.mcppi
hint: 0	1004	COFF file successfully generated	COFF file successfully generated
diagnostics: 0	128	Linked in 1903 ms	 
diagnostics: 0	129	Project 'lights_mikroc18.mcppi' completed: 2387 ms	 
diagnostics: 0	103	Finished successfully: 04 Sep 2014, 19:17:24	lights_mikroc18.mcppi
