;  LST file generated by mikroListExporter - v.2.0 
; Date/Time: 9/4/2014 19:17:22
;----------------------------------------------

;Address Opcode 	ASM
0x0000	0xF001EFC1  	GOTO        898
_interrupt:
0x0008	0xF016C000  	MOVFF       R0, 22
0x000C	0xF015C001  	MOVFF       R1, 21
0x0010	0xA4F2      	BTFSS       T0IF_bit, BitPos(T0IF_bit+0) 
0x0012	0xD02E      	BRA         L_interrupt15
0x0014	0xAAF2      	BTFSS       T0IE_bit, BitPos(T0IE_bit+0) 
0x0016	0xD02C      	BRA         L_interrupt15
L__interrupt41:
0x0018	0x94F2      	BCF         T0IF_bit, BitPos(T0IF_bit+0) 
0x001A	0x2A32      	INCF        interrupt_cCounter_L0, 1 
0x001C	0xF03FC030  	MOVFF       _m_cPosition, interrupt_cPosition_L0
0x0020	0x0E08      	MOVLW       8
0x0022	0x6E41      	MOVWF       interrupt_i_L0 
0x0024	0x0E01      	MOVLW       1
0x0026	0x6E40      	MOVWF       interrupt_cLedsMask_L0 
L_interrupt16:
0x0028	0x0E07      	MOVLW       7
0x002A	0x143F      	ANDWF       interrupt_cPosition_L0, 0 
0x002C	0x6E00      	MOVWF       R0 
0x002E	0x0E42      	MOVLW       _Brightness
0x0030	0x2400      	ADDWF       R0, 0 
0x0032	0x6EF6      	MOVWF       4086 
0x0034	0x0E04      	MOVLW       hi_addr(_Brightness)
0x0036	0x6EF7      	MOVWF       TBLPTRH 
0x0038	0x0E00      	MOVLW       0
0x003A	0x22F7      	ADDWFC      TBLPTRH, 1 
0x003C	0x0E00      	MOVLW       higher_addr(_Brightness)
0x003E	0x6EF8      	MOVWF       TBLPTRU 
0x0040	0x0E00      	MOVLW       0
0x0042	0x22F8      	ADDWFC      TBLPTRU, 1 
0x0044	0x0009      	TBLRD*+
0x0046	0xF001CFF5  	MOVFF       TABLAT, R1
0x004A	0x5032      	MOVF        interrupt_cCounter_L0, 0 
0x004C	0x5C01      	SUBWF       R1, 0 
0x004E	0xE205      	BC          L_interrupt19
0x0050	0x1C40      	COMF        interrupt_cLedsMask_L0, 0 
0x0052	0x6E00      	MOVWF       R0 
0x0054	0x5000      	MOVF        R0, 0 
0x0056	0x1682      	ANDWF       PORTC, 1 
0x0058	0xD002      	BRA         L_interrupt20
L_interrupt19:
0x005A	0x5040      	MOVF        interrupt_cLedsMask_L0, 0 
0x005C	0x1282      	IORWF       PORTC, 1 
L_interrupt20:
0x005E	0x3640      	RLCF        interrupt_cLedsMask_L0, 1 
0x0060	0x9040      	BCF         interrupt_cLedsMask_L0, 0 
0x0062	0x502F      	MOVF        _m_cDirection, 0 
0x0064	0x263F      	ADDWF       interrupt_cPosition_L0, 1 
0x0066	0x0641      	DECF        interrupt_i_L0, 1 
0x0068	0x5241      	MOVF        interrupt_i_L0, 1 
0x006A	0xE1DE      	BNZ         L_interrupt16
0x006C	0x0E1F      	MOVLW       31
0x006E	0x1632      	ANDWF       interrupt_cCounter_L0, 1 
L_interrupt15:
0x0070	0xA29E      	BTFSS       TMR2IF_bit, BitPos(TMR2IF_bit+0) 
0x0072	0xD002      	BRA         L_interrupt21
0x0074	0x929E      	BCF         TMR2IF_bit, BitPos(TMR2IF_bit+0) 
0x0076	0xD86B      	RCALL       _OS_Timer
L_interrupt21:
L_end_interrupt:
L__interrupt46:
0x0078	0xF000C016  	MOVFF       22, R0
0x007C	0xF001C015  	MOVFF       21, R1
0x0080	0x0011      	RETFIE      1
; end of _interrupt
__OS_SET_FSR_CUR_TASK:
0x0082	0xFFE9C017  	MOVFF       __OS_CurTask, FSR0L
0x0086	0xFFEAC018  	MOVFF       __OS_CurTask+1, FSR0H
L_end__OS_SET_FSR_CUR_TASK:
0x008A	0x0012      	RETURN      0
; end of __OS_SET_FSR_CUR_TASK
__OS_ClrReadySetClrCanContinue:
0x008C	0x0006      	POP
0x008E	0x9035      	BCF         __OS_Flags, 0 
0x0090	0xDFF8      	RCALL       __OS_SET_FSR_CUR_TASK
0x0092	0xFFECCFFD  	MOVFF       TOSL, PREINC0
0x0096	0xFFECCFFE  	MOVFF       TOSH, PREINC0
0x009A	0xFFECCFFF  	MOVFF       TOSU, PREINC0
0x009E	0x9634      	BCF         __OS_State, 3 
0x00A0	0xA834      	BTFSS       __OS_State, 4 
0x00A2	0x9A34      	BCF         __OS_State, 5 
L__OS_ClrReadySetClrCanContinue0:
0x00A4	0xB02E      	BTFSC       __OS_Temp, 0 
0x00A6	0x8A34      	BSF         __OS_State, 5 
L__OS_ClrReadySetClrCanContinue1:
L_end__OS_ClrReadySetClrCanContinue:
0x00A8	0x0012      	RETURN      0
; end of __OS_ClrReadySetClrCanContinue
__OS_EnterWaitMode:
0x00AA	0x6A2E      	CLRF        __OS_Temp 
0x00AC	0xDFEF      	RCALL       __OS_ClrReadySetClrCanContinue
L_end__OS_EnterWaitMode:
0x00AE	0x0012      	RETURN      0
; end of __OS_EnterWaitMode
__OS_ReturnSave:
0x00B0	0xDFE8      	RCALL       __OS_SET_FSR_CUR_TASK
0x00B2	0xFFECCFFD  	MOVFF       TOSL, PREINC0
0x00B6	0xFFECCFFE  	MOVFF       TOSH, PREINC0
0x00BA	0xFFECCFFF  	MOVFF       TOSU, PREINC0
0x00BE	0x8634      	BSF         __OS_State, 3 
0x00C0	0x0006      	POP
L_end__OS_ReturnSave:
0x00C2	0x0012      	RETURN      0
; end of __OS_ReturnSave
__OS_CheckEvent:
0x00C4	0x9A35      	BCF         __OS_Flags, 5 
0x00C6	0xDFDD      	RCALL       __OS_SET_FSR_CUR_TASK
0x00C8	0x523D      	MOVF        FARG__OS_CheckEvent_bEvent, 1 
0x00CA	0xE003      	BZ          L__OS_CheckEvent6
0x00CC	0x9834      	BCF         __OS_State, 4 
0x00CE	0x98EF      	BCF         INDF0, 4 
0x00D0	0xD007      	BRA         L_end__OS_CheckEvent
L__OS_CheckEvent6:
0x00D2	0xB834      	BTFSC       __OS_State, 4 
0x00D4	0xD004      	BRA         L__OS_CheckEvent9
0x00D6	0xAA34      	BTFSS       __OS_State, 5 
0x00D8	0xD002      	BRA         L__OS_CheckEvent9
L___OS_CheckEvent22:
0x00DA	0x8A35      	BSF         __OS_Flags, 5 
0x00DC	0xD001      	BRA         L_end__OS_CheckEvent
L__OS_CheckEvent9:
0x00DE	0x0006      	POP
L_end__OS_CheckEvent:
0x00E0	0x0012      	RETURN      0
; end of __OS_CheckEvent
__OS_InitDelay:
0x00E2	0x9A34      	BCF         __OS_State, 5 
0x00E4	0xF000C017  	MOVFF       __OS_CurTask, R0
0x00E8	0xF001C018  	MOVFF       __OS_CurTask+1, R1
0x00EC	0xFFE1C000  	MOVFF       R0, FSR1L
0x00F0	0xFFE2C001  	MOVFF       R1, FSR1H
0x00F4	0x98E6      	BCF         POSTINC1, 4 
0x00F6	0x503D      	MOVF        FARG__OS_InitDelay_Delay, 0 
0x00F8	0x103E      	IORWF       FARG__OS_InitDelay_Delay+1, 0 
0x00FA	0xE028      	BZ          L__OS_InitDelay10
0x00FC	0x0EFF      	MOVLW       255
0x00FE	0x1A3D      	XORWF       FARG__OS_InitDelay_Delay, 1 
0x0100	0x0EFF      	MOVLW       255
0x0102	0x1A3E      	XORWF       FARG__OS_InitDelay_Delay+1, 1 
0x0104	0x4A3D      	INFSNZ      FARG__OS_InitDelay_Delay, 1 
0x0106	0x2A3E      	INCF        FARG__OS_InitDelay_Delay+1, 1 
0x0108	0xF000C017  	MOVFF       __OS_CurTask, R0
0x010C	0xF001C018  	MOVFF       __OS_CurTask+1, R1
0x0110	0x0E05      	MOVLW       5
0x0112	0x2400      	ADDWF       R0, 0 
0x0114	0x6EE1      	MOVWF       FSR1L 
0x0116	0x0E00      	MOVLW       0
0x0118	0x2001      	ADDWFC      R1, 0 
0x011A	0x6EE2      	MOVWF       FSR1H 
0x011C	0xFFE6C03D  	MOVFF       FARG__OS_InitDelay_Delay, POSTINC1
0x0120	0xFFE6C03E  	MOVFF       FARG__OS_InitDelay_Delay+1, POSTINC1
0x0124	0xF000C017  	MOVFF       __OS_CurTask, R0
0x0128	0xF001C018  	MOVFF       __OS_CurTask+1, R1
0x012C	0xFFE1C000  	MOVFF       R0, FSR1L
0x0130	0xFFE2C001  	MOVFF       R1, FSR1H
0x0134	0x86E6      	BSF         POSTINC1, 3 
0x0136	0xF000C017  	MOVFF       __OS_CurTask, R0
0x013A	0xF001C018  	MOVFF       __OS_CurTask+1, R1
0x013E	0xFFE1C000  	MOVFF       R0, FSR1L
0x0142	0xFFE2C001  	MOVFF       R1, FSR1H
0x0146	0x88E6      	BSF         POSTINC1, 4 
0x0148	0x8834      	BSF         __OS_State, 4 
0x014A	0x8634      	BSF         __OS_State, 3 
L__OS_InitDelay10:
L_end__OS_InitDelay:
0x014C	0x0012      	RETURN      0
; end of __OS_InitDelay
_OS_Timer:
0x014E	0xA819      	BTFSS       __OS_Tasks, 4 
0x0150	0xD00E      	BRA         L_OS_Timer11
0x0152	0x0E01      	MOVLW       1
0x0154	0x241E      	ADDWF       __OS_Tasks+5, 0 
0x0156	0x6E00      	MOVWF       R0 
0x0158	0x0E00      	MOVLW       0
0x015A	0x201F      	ADDWFC      __OS_Tasks+6, 0 
0x015C	0x6E01      	MOVWF       R1 
0x015E	0xF01EC000  	MOVFF       R0, __OS_Tasks+5
0x0162	0xF01FC001  	MOVFF       R1, __OS_Tasks+6
0x0166	0x501E      	MOVF        __OS_Tasks+5, 0 
0x0168	0x101F      	IORWF       __OS_Tasks+6, 0 
0x016A	0xB4D8      	BTFSC       STATUS, 2 
0x016C	0x9819      	BCF         __OS_Tasks, 4 
L_OS_Timer12:
L_OS_Timer11:
0x016E	0xA820      	BTFSS       __OS_Tasks+7, 4 
0x0170	0xD00E      	BRA         L_OS_Timer13
0x0172	0x0E01      	MOVLW       1
0x0174	0x2425      	ADDWF       __OS_Tasks+12, 0 
0x0176	0x6E00      	MOVWF       R0 
0x0178	0x0E00      	MOVLW       0
0x017A	0x2026      	ADDWFC      __OS_Tasks+13, 0 
0x017C	0x6E01      	MOVWF       R1 
0x017E	0xF025C000  	MOVFF       R0, __OS_Tasks+12
0x0182	0xF026C001  	MOVFF       R1, __OS_Tasks+13
0x0186	0x5025      	MOVF        __OS_Tasks+12, 0 
0x0188	0x1026      	IORWF       __OS_Tasks+13, 0 
0x018A	0xB4D8      	BTFSC       STATUS, 2 
0x018C	0x9820      	BCF         __OS_Tasks+7, 4 
L_OS_Timer14:
L_OS_Timer13:
0x018E	0xA827      	BTFSS       __OS_Tasks+14, 4 
0x0190	0xD00E      	BRA         L_OS_Timer15
0x0192	0x0E01      	MOVLW       1
0x0194	0x242C      	ADDWF       __OS_Tasks+19, 0 
0x0196	0x6E00      	MOVWF       R0 
0x0198	0x0E00      	MOVLW       0
0x019A	0x202D      	ADDWFC      __OS_Tasks+20, 0 
0x019C	0x6E01      	MOVWF       R1 
0x019E	0xF02CC000  	MOVFF       R0, __OS_Tasks+19
0x01A2	0xF02DC001  	MOVFF       R1, __OS_Tasks+20
0x01A6	0x502C      	MOVF        __OS_Tasks+19, 0 
0x01A8	0x102D      	IORWF       __OS_Tasks+20, 0 
0x01AA	0xB4D8      	BTFSC       STATUS, 2 
0x01AC	0x9827      	BCF         __OS_Tasks+14, 4 
L_OS_Timer16:
L_OS_Timer15:
L_end_OS_Timer:
0x01AE	0x0012      	RETURN      0
; end of _OS_Timer
__OS_Task_Create:
0x01B0	0x9235      	BCF         __OS_Flags, 1 
0x01B2	0x0E19      	MOVLW       __OS_Tasks
0x01B4	0x6E3B      	MOVWF       _OS_Task_Create_Task_L0 
0x01B6	0x0E00      	MOVLW       hi_addr(__OS_Tasks)
0x01B8	0x6E3C      	MOVWF       _OS_Task_Create_Task_L0+1 
0x01BA	0x6A2E      	CLRF        __OS_Temp 
L__OS_Task_Create17:
0x01BC	0xF000C03B  	MOVFF       _OS_Task_Create_Task_L0, R0
0x01C0	0xF001C03C  	MOVFF       _OS_Task_Create_Task_L0+1, R1
0x01C4	0xFFE9C000  	MOVFF       R0, FSR0L
0x01C8	0xFFEAC001  	MOVFF       R1, FSR0H
0x01CC	0xF000CFEE  	MOVFF       POSTINC0, R0
0x01D0	0xBC00      	BTFSC       R0, 6 
0x01D2	0xD034      	BRA         L__OS_Task_Create20
0x01D4	0x8C36      	BSF         FARG__OS_Task_Create_priority, 6 
0x01D6	0x8636      	BSF         FARG__OS_Task_Create_priority, 3 
0x01D8	0xF000C03B  	MOVFF       _OS_Task_Create_Task_L0, R0
0x01DC	0xF001C03C  	MOVFF       _OS_Task_Create_Task_L0+1, R1
0x01E0	0x0E01      	MOVLW       1
0x01E2	0x2400      	ADDWF       R0, 0 
0x01E4	0x6EE1      	MOVWF       FSR1L 
0x01E6	0x0E00      	MOVLW       0
0x01E8	0x2001      	ADDWFC      R1, 0 
0x01EA	0x6EE2      	MOVWF       FSR1H 
0x01EC	0xFFE6C037  	MOVFF       FARG__OS_Task_Create_TaskAddr, POSTINC1
0x01F0	0xFFE6C038  	MOVFF       FARG__OS_Task_Create_TaskAddr+1, POSTINC1
0x01F4	0xFFE6C039  	MOVFF       FARG__OS_Task_Create_TaskAddr+2, POSTINC1
0x01F8	0xFFE6C03A  	MOVFF       FARG__OS_Task_Create_TaskAddr+3, POSTINC1
0x01FC	0xF000C03B  	MOVFF       _OS_Task_Create_Task_L0, R0
0x0200	0xF001C03C  	MOVFF       _OS_Task_Create_Task_L0+1, R1
0x0204	0x0E05      	MOVLW       5
0x0206	0x2400      	ADDWF       R0, 0 
0x0208	0x6EE1      	MOVWF       FSR1L 
0x020A	0x0E00      	MOVLW       0
0x020C	0x2001      	ADDWFC      R1, 0 
0x020E	0x6EE2      	MOVWF       FSR1H 
0x0210	0x6AE6      	CLRF        POSTINC1 
0x0212	0x6AE6      	CLRF        POSTINC1 
0x0214	0xF000C03B  	MOVFF       _OS_Task_Create_Task_L0, R0
0x0218	0xF001C03C  	MOVFF       _OS_Task_Create_Task_L0+1, R1
0x021C	0xFFE1C000  	MOVFF       R0, FSR1L
0x0220	0xFFE2C001  	MOVFF       R1, FSR1H
0x0224	0xFFE6C036  	MOVFF       FARG__OS_Task_Create_priority, POSTINC1
0x0228	0x503C      	MOVF        _OS_Task_Create_Task_L0+1, 0 
0x022A	0x1818      	XORWF       __OS_CurTask+1, 0 
0x022C	0xE102      	BNZ         L___OS_Task_Create37
0x022E	0x5017      	MOVF        __OS_CurTask, 0 
0x0230	0x183B      	XORWF       _OS_Task_Create_Task_L0, 0 
L___OS_Task_Create37:
0x0232	0xE102      	BNZ         L__OS_Task_Create21
0x0234	0xF034C036  	MOVFF       FARG__OS_Task_Create_priority, __OS_State
L__OS_Task_Create21:
0x0238	0x9235      	BCF         __OS_Flags, 1 
0x023A	0xD009      	BRA         L_end__OS_Task_Create
L__OS_Task_Create20:
0x023C	0x0E07      	MOVLW       7
0x023E	0x263B      	ADDWF       _OS_Task_Create_Task_L0, 1 
0x0240	0x0E00      	MOVLW       0
0x0242	0x223C      	ADDWFC      _OS_Task_Create_Task_L0+1, 1 
0x0244	0x2A2E      	INCF        __OS_Temp, 1 
0x0246	0x0E03      	MOVLW       3
0x0248	0x5C2E      	SUBWF       __OS_Temp, 0 
0x024A	0xE3B8      	BNC         L__OS_Task_Create17
0x024C	0x8235      	BSF         __OS_Flags, 1 
L_end__OS_Task_Create:
0x024E	0x0012      	RETURN      0
; end of __OS_Task_Create
_Init:
0x0250	0x6A80      	CLRF        PORTA 
0x0252	0x6A81      	CLRF        PORTB 
0x0254	0x0E01      	MOVLW       1
0x0256	0x6E92      	MOVWF       TRISA 
0x0258	0x0E01      	MOVLW       1
0x025A	0x6E93      	MOVWF       TRISB 
0x025C	0x9EF1      	BCF         NOT_RBPU_bit, BitPos(NOT_RBPU_bit+0) 
0x025E	0x6A82      	CLRF        PORTC 
0x0260	0x6A94      	CLRF        TRISC 
0x0262	0x0EC1      	MOVLW       193
0x0264	0x6EC2      	MOVWF       ADCON0 
0x0266	0x0E0E      	MOVLW       14
0x0268	0x6EC1      	MOVWF       ADCON1 
0x026A	0x0EC1      	MOVLW       193
0x026C	0x6ED5      	MOVWF       T0CON 
0x026E	0x0E25      	MOVLW       37
0x0270	0x6ECA      	MOVWF       T2CON 
0x0272	0x0EF9      	MOVLW       249
0x0274	0x6ECB      	MOVWF       PR2 
0x0276	0x6AF2      	CLRF        INTCON 
0x0278	0x8AF2      	BSF         T0IE_bit, BitPos(T0IE_bit+0) 
0x027A	0x8CF2      	BSF         PEIE_bit, BitPos(PEIE_bit+0) 
0x027C	0x829D      	BSF         TMR2IE_bit, BitPos(TMR2IE_bit+0) 
L_end_Init:
0x027E	0x0012      	RETURN      0
; end of _Init
_OS_Init:
0x0280	0x6A35      	CLRF        __OS_Flags 
0x0282	0x0E27      	MOVLW       __OS_Tasks+14
0x0284	0x6E17      	MOVWF       __OS_CurTask 
0x0286	0x0E00      	MOVLW       hi_addr(__OS_Tasks+14)
0x0288	0x6E18      	MOVWF       __OS_CurTask+1 
0x028A	0x9C19      	BCF         __OS_Tasks, 6 
0x028C	0x9C20      	BCF         __OS_Tasks+7, 6 
0x028E	0x9C27      	BCF         __OS_Tasks+14, 6 
L_end_OS_Init:
0x0290	0x0012      	RETURN      0
; end of _OS_Init
_Task_Rolling:
L_Task_Rolling22:
0x0292	0x6A31      	CLRF        Task_Rolling_cDelay_L0 
L_Task_Rolling25:
0x0294	0xF001C031  	MOVFF       Task_Rolling_cDelay_L0, R1
0x0298	0x2A31      	INCF        Task_Rolling_cDelay_L0, 1 
0x029A	0x5001      	MOVF        R1, 0 
0x029C	0x5C33      	SUBWF       _m_cSpeed, 0 
0x029E	0xE308      	BNC         L_Task_Rolling26
0x02A0	0x0E01      	MOVLW       1
0x02A2	0x6E3D      	MOVWF       FARG__OS_InitDelay_Delay 
0x02A4	0x0E00      	MOVLW       0
0x02A6	0x6E3E      	MOVWF       FARG__OS_InitDelay_Delay+1 
0x02A8	0xDF1C      	RCALL       __OS_InitDelay
0x02AA	0xDF02      	RCALL       __OS_ReturnSave
0x02AC	0x0000      	NOP
0x02AE	0xD7F2      	BRA         L_Task_Rolling25
L_Task_Rolling26:
0x02B0	0x5030      	MOVF        _m_cPosition, 0 
0x02B2	0x0F01      	ADDLW       1
0x02B4	0x6E00      	MOVWF       R0 
0x02B6	0xF030C000  	MOVFF       R0, _m_cPosition
0x02BA	0xD7EB      	BRA         L_Task_Rolling22
L_end_Task_Rolling:
0x02BC	0x0012      	RETURN      0
; end of _Task_Rolling
__OS_JumpToTask:
0x02BE	0xDEE1      	RCALL       __OS_SET_FSR_CUR_TASK
0x02C0	0xF034CFEE  	MOVFF       POSTINC0, __OS_State
0x02C4	0x0005      	PUSH
0x02C6	0x50EE      	MOVF        POSTINC0, 0, 0
0x02C8	0x6EFD      	MOVWF       TOSL, 0
0x02CA	0x50EE      	MOVF        POSTINC0, 0, 0
0x02CC	0x6EFE      	MOVWF       TOSH, 0
0x02CE	0x50EE      	MOVF        POSTINC0, 0, 0
0x02D0	0x6EFF      	MOVWF       TOSU, 0
0x02D2	0x0012      	RETURN      0
L_end__OS_JumpToTask:
0x02D4	0x0012      	RETURN      0
; end of __OS_JumpToTask
_Task_Button:
L_Task_Button27:
L_Task_Button30:
0x02D6	0xDEE9      	RCALL       __OS_EnterWaitMode
0x02D8	0x0000      	NOP
0x02DA	0xB081      	BTFSC       PORTB, 0 
0x02DC	0xD002      	BRA         L__Task_Button49
0x02DE	0x80D8      	BSF         STATUS, 0 
0x02E0	0xD001      	BRA         L__Task_Button50
L__Task_Button49:
0x02E2	0x90D8      	BCF         STATUS, 0 
L__Task_Button50:
0x02E4	0x0E00      	MOVLW       0
0x02E6	0xB0D8      	BTFSC       STATUS, 0 
0x02E8	0x0E01      	MOVLW       1
0x02EA	0x6E3D      	MOVWF       FARG__OS_CheckEvent_bEvent 
0x02EC	0x503D      	MOVF        FARG__OS_CheckEvent_bEvent, 0 
0x02EE	0x0A00      	XORLW       0
0x02F0	0x0E00      	MOVLW       0
0x02F2	0xA4D8      	BTFSS       STATUS, 2 
0x02F4	0x0E01      	MOVLW       1
0x02F6	0x6E3D      	MOVWF       FARG__OS_CheckEvent_bEvent 
0x02F8	0xDEE5      	RCALL       __OS_CheckEvent
0x02FA	0x0E28      	MOVLW       40
0x02FC	0x6E3D      	MOVWF       FARG__OS_InitDelay_Delay 
0x02FE	0x0E00      	MOVLW       0
0x0300	0x6E3E      	MOVWF       FARG__OS_InitDelay_Delay+1 
0x0302	0xDEEF      	RCALL       __OS_InitDelay
0x0304	0xDED5      	RCALL       __OS_ReturnSave
0x0306	0x0000      	NOP
0x0308	0xB081      	BTFSC       PORTB, 0 
0x030A	0xD7E5      	BRA         L_Task_Button30
0x030C	0x502F      	MOVF        _m_cDirection, 0 
0x030E	0x0800      	SUBLW       0
0x0310	0x6E2F      	MOVWF       _m_cDirection 
L_Task_Button33:
0x0312	0xDECB      	RCALL       __OS_EnterWaitMode
0x0314	0x0000      	NOP
0x0316	0x0E00      	MOVLW       0
0x0318	0xB081      	BTFSC       PORTB, 0 
0x031A	0x0E01      	MOVLW       1
0x031C	0x6E3D      	MOVWF       FARG__OS_CheckEvent_bEvent 
0x031E	0x503D      	MOVF        FARG__OS_CheckEvent_bEvent, 0 
0x0320	0x0A00      	XORLW       0
0x0322	0x0E00      	MOVLW       0
0x0324	0xA4D8      	BTFSS       STATUS, 2 
0x0326	0x0E01      	MOVLW       1
0x0328	0x6E3D      	MOVWF       FARG__OS_CheckEvent_bEvent 
0x032A	0xDECC      	RCALL       __OS_CheckEvent
0x032C	0x0E28      	MOVLW       40
0x032E	0x6E3D      	MOVWF       FARG__OS_InitDelay_Delay 
0x0330	0x0E00      	MOVLW       0
0x0332	0x6E3E      	MOVWF       FARG__OS_InitDelay_Delay+1 
0x0334	0xDED6      	RCALL       __OS_InitDelay
0x0336	0xDEBC      	RCALL       __OS_ReturnSave
0x0338	0x0000      	NOP
0x033A	0xA081      	BTFSS       PORTB, 0 
0x033C	0xD7EA      	BRA         L_Task_Button33
0x033E	0xD7CB      	BRA         L_Task_Button27
L_end_Task_Button:
0x0340	0x0012      	RETURN      0
; end of _Task_Button
_Task_SetSpeed:
L_Task_SetSpeed36:
0x0342	0x0EC7      	MOVLW       199
0x0344	0x16C2      	ANDWF       ADCON0, 1 
0x0346	0x84C2      	BSF         GO_bit, BitPos(GO_bit+0) 
0x0348	0xDEB0      	RCALL       __OS_EnterWaitMode
0x034A	0x0000      	NOP
0x034C	0xB4C2      	BTFSC       NOT_DONE_bit, BitPos(NOT_DONE_bit+0) 
0x034E	0xD002      	BRA         L__Task_SetSpeed52
0x0350	0x80D8      	BSF         STATUS, 0 
0x0352	0xD001      	BRA         L__Task_SetSpeed53
L__Task_SetSpeed52:
0x0354	0x90D8      	BCF         STATUS, 0 
L__Task_SetSpeed53:
0x0356	0x0E00      	MOVLW       0
0x0358	0xB0D8      	BTFSC       STATUS, 0 
0x035A	0x0E01      	MOVLW       1
0x035C	0x6E3D      	MOVWF       FARG__OS_CheckEvent_bEvent 
0x035E	0x503D      	MOVF        FARG__OS_CheckEvent_bEvent, 0 
0x0360	0x0A00      	XORLW       0
0x0362	0x0E00      	MOVLW       0
0x0364	0xA4D8      	BTFSS       STATUS, 2 
0x0366	0x0E01      	MOVLW       1
0x0368	0x6E3D      	MOVWF       FARG__OS_CheckEvent_bEvent 
0x036A	0xDEAC      	RCALL       __OS_CheckEvent
0x036C	0xF033CFC4  	MOVFF       ADRESH, _m_cSpeed
0x0370	0x0E64      	MOVLW       100
0x0372	0x6E3D      	MOVWF       FARG__OS_InitDelay_Delay 
0x0374	0x0E00      	MOVLW       0
0x0376	0x6E3E      	MOVWF       FARG__OS_InitDelay_Delay+1 
0x0378	0xDEB4      	RCALL       __OS_InitDelay
0x037A	0xDE9A      	RCALL       __OS_ReturnSave
0x037C	0x0000      	NOP
0x037E	0xD7E1      	BRA         L_Task_SetSpeed36
L_end_Task_SetSpeed:
0x0380	0x0012      	RETURN      0
; end of _Task_SetSpeed
_main:
0x0382	0xDF66      	RCALL       _Init
0x0384	0xDF7D      	RCALL       _OS_Init
0x0386	0x6A36      	CLRF        FARG__OS_Task_Create_priority 
0x0388	0x0E92      	MOVLW       _Task_Rolling
0x038A	0x6E37      	MOVWF       FARG__OS_Task_Create_TaskAddr 
0x038C	0x0E02      	MOVLW       hi_addr(_Task_Rolling)
0x038E	0x6E38      	MOVWF       FARG__OS_Task_Create_TaskAddr+1 
0x0390	0x0E00      	MOVLW       0
0x0392	0x6E39      	MOVWF       FARG__OS_Task_Create_TaskAddr+2 
0x0394	0x0E00      	MOVLW       0
0x0396	0x6E3A      	MOVWF       FARG__OS_Task_Create_TaskAddr+3 
0x0398	0xDF0B      	RCALL       __OS_Task_Create
0x039A	0x6A36      	CLRF        FARG__OS_Task_Create_priority 
0x039C	0x0E42      	MOVLW       _Task_SetSpeed
0x039E	0x6E37      	MOVWF       FARG__OS_Task_Create_TaskAddr 
0x03A0	0x0E03      	MOVLW       hi_addr(_Task_SetSpeed)
0x03A2	0x6E38      	MOVWF       FARG__OS_Task_Create_TaskAddr+1 
0x03A4	0x0E00      	MOVLW       0
0x03A6	0x6E39      	MOVWF       FARG__OS_Task_Create_TaskAddr+2 
0x03A8	0x0E00      	MOVLW       0
0x03AA	0x6E3A      	MOVWF       FARG__OS_Task_Create_TaskAddr+3 
0x03AC	0xDF01      	RCALL       __OS_Task_Create
0x03AE	0x6A36      	CLRF        FARG__OS_Task_Create_priority 
0x03B0	0x0ED6      	MOVLW       _Task_Button
0x03B2	0x6E37      	MOVWF       FARG__OS_Task_Create_TaskAddr 
0x03B4	0x0E02      	MOVLW       hi_addr(_Task_Button)
0x03B6	0x6E38      	MOVWF       FARG__OS_Task_Create_TaskAddr+1 
0x03B8	0x0E00      	MOVLW       0
0x03BA	0x6E39      	MOVWF       FARG__OS_Task_Create_TaskAddr+2 
0x03BC	0x0E00      	MOVLW       0
0x03BE	0x6E3A      	MOVWF       FARG__OS_Task_Create_TaskAddr+3 
0x03C0	0xDEF7      	RCALL       __OS_Task_Create
0x03C2	0x6A30      	CLRF        _m_cPosition 
0x03C4	0x0E01      	MOVLW       1
0x03C6	0x6E2F      	MOVWF       _m_cDirection 
0x03C8	0x8EF2      	BSF         GIE_bit, BitPos(GIE_bit+0) 
0x03CA	0xBED0      	BTFSC       IPEN_bit, BitPos(IPEN_bit+0) 
0x03CC	0x8CF2      	BSF         GIEL_bit, BitPos(GIEL_bit+0) 
L_main0:
L_main1:
0x03CE	0x6A2E      	CLRF        __OS_Temp 
0x03D0	0x0E00      	MOVLW       hi_addr(__OS_Tasks+14)
0x03D2	0x5C18      	SUBWF       __OS_CurTask+1, 0 
0x03D4	0xE102      	BNZ         L__main43
0x03D6	0x0E27      	MOVLW       __OS_Tasks+14
0x03D8	0x5C17      	SUBWF       __OS_CurTask, 0 
L__main43:
0x03DA	0xE305      	BNC         L_main4
0x03DC	0x0E19      	MOVLW       __OS_Tasks
0x03DE	0x6E17      	MOVWF       __OS_CurTask 
0x03E0	0x0E00      	MOVLW       hi_addr(__OS_Tasks)
0x03E2	0x6E18      	MOVWF       __OS_CurTask+1 
0x03E4	0xD00A      	BRA         L_main5
L_main4:
0x03E6	0x0E07      	MOVLW       7
0x03E8	0x2417      	ADDWF       __OS_CurTask, 0 
0x03EA	0x6E00      	MOVWF       R0 
0x03EC	0x0E00      	MOVLW       0
0x03EE	0x2018      	ADDWFC      __OS_CurTask+1, 0 
0x03F0	0x6E01      	MOVWF       R1 
0x03F2	0xF017C000  	MOVFF       R0, __OS_CurTask
0x03F6	0xF018C001  	MOVFF       R1, __OS_CurTask+1
L_main5:
0x03FA	0xFFE9C017  	MOVFF       __OS_CurTask, FSR0L
0x03FE	0xFFEAC018  	MOVFF       __OS_CurTask+1, FSR0H
0x0402	0x0E01      	MOVLW       1
0x0404	0x6E00      	MOVWF       R0 
0x0406	0x0E34      	MOVLW       __OS_State
0x0408	0x6EE1      	MOVWF       FSR1L 
0x040A	0x0E00      	MOVLW       hi_addr(__OS_State)
0x040C	0x6EE2      	MOVWF       FSR1H 
L_main6:
0x040E	0xFFE6CFEE  	MOVFF       POSTINC0, POSTINC1
0x0412	0x0600      	DECF        R0, 1 
0x0414	0xE1FC      	BNZ         L_main6
0x0416	0xAC34      	BTFSS       __OS_State, 6 
0x0418	0xD003      	BRA         L__main40
0x041A	0xBE34      	BTFSC       __OS_State, 7 
0x041C	0xD001      	BRA         L__main40
0x041E	0xD001      	BRA         L_main9
L__main40:
0x0420	0xD00E      	BRA         ___main__OS_SCHED_CONTINUE
L_main9:
0x0422	0xA834      	BTFSS       __OS_State, 4 
0x0424	0xD003      	BRA         L_main12
0x0426	0xBA34      	BTFSC       __OS_State, 5 
0x0428	0xD001      	BRA         L_main12
L__main39:
0x042A	0xD009      	BRA         ___main__OS_SCHED_CONTINUE
L_main12:
0x042C	0xDF48      	RCALL       __OS_JumpToTask
0x042E	0xDE29      	RCALL       __OS_SET_FSR_CUR_TASK
0x0430	0x0ED7      	MOVLW       215
0x0432	0x16EF      	ANDWF       __indf, 1 
0x0434	0x0E28      	MOVLW       40
0x0436	0x1434      	ANDWF       __OS_State, 0 
0x0438	0x6E00      	MOVWF       R0 
0x043A	0x5000      	MOVF        R0, 0 
0x043C	0x12EF      	IORWF       __indf, 1 
___main__OS_SCHED_CONTINUE:
0x043E	0xD7C7      	BRA         L_main1
L_end_main:
0x0440	0xD7FF      	BRA         $+0
; end of _main
;lights_mikroc.c,123 :: _Brightness
0x0442	0x141F ;_Brightness+0
0x0444	0x070B ;_Brightness+2
0x0446	0x0204 ;_Brightness+4
0x0448	0x0001 ;_Brightness+6
; end of _Brightness
Symbol List:
//** Routines locations **
//ADDRESS    SIZE    PROCEDURE
//----------------------------------------------
0x0008     [122]    _interrupt
0x0082      [10]    __OS_SET_FSR_CUR_TASK
0x008C      [30]    __OS_ClrReadySetClrCanContinue
0x00AA       [6]    __OS_EnterWaitMode
0x00B0      [20]    __OS_ReturnSave
0x00C4      [30]    __OS_CheckEvent
0x00E2     [108]    __OS_InitDelay
0x014E      [98]    _OS_Timer
0x01B0     [160]    __OS_Task_Create
0x0250      [48]    _Init
0x0280      [18]    _OS_Init
0x0292      [44]    _Task_Rolling
0x02BE      [24]    __OS_JumpToTask
0x02D6     [108]    _Task_Button
0x0342      [64]    _Task_SetSpeed
0x0382     [192]    _main
//** Variables locations ** 
//ADDRESS    SIZE    VARIABLE
//----------------------------------------------
0x0000       [1]    R0
0x0001       [1]    R1
0x0002       [1]    R2
0x0003       [1]    R3
0x0004       [1]    R4
0x0005       [1]    R5
0x0006       [1]    R6
0x0007       [1]    R7
0x0008       [1]    R8
0x0009       [1]    R9
0x000A       [1]    R10
0x000B       [1]    R11
0x000C       [1]    R12
0x000D       [1]    R13
0x000E       [1]    R14
0x000F       [1]    R15
0x0010       [1]    R16
0x0011       [1]    R17
0x0012       [1]    R18
0x0013       [1]    R19
0x0014       [1]    R20
0x0017       [2]    __OS_CurTask
0x0019      [21]    __OS_Tasks
0x002E       [1]    __OS_Temp
0x002F       [1]    _m_cDirection
0x0030       [1]    _m_cPosition
0x0031       [1]    Task_Rolling_cDelay_L0
0x0032       [1]    interrupt_cCounter_L0
0x0033       [1]    _m_cSpeed
0x0034       [1]    __OS_State
0x0035       [1]    __OS_Flags
0x0036       [1]    FARG__OS_Task_Create_priority
0x0037       [4]    FARG__OS_Task_Create_TaskAddr
0x003B       [2]    _OS_Task_Create_Task_L0
0x003D       [1]    FARG__OS_CheckEvent_bEvent
0x003D       [2]    FARG__OS_InitDelay_Delay
0x003F       [1]    interrupt_cPosition_L0
0x0040       [1]    interrupt_cLedsMask_L0
0x0041       [1]    interrupt_i_L0
0x0F80       [1]    PORTA
0x0F81       [1]    PORTB
0x0F82       [1]    PORTC
0x0F92       [1]    TRISA
0x0F93       [1]    TRISB
0x0F94       [1]    TRISC
0x0F9D       [0]    TMR2IE_bit
0x0F9E       [0]    TMR2IF_bit
0x0FC1       [1]    ADCON1
0x0FC2       [0]    GO_bit
0x0FC2       [0]    NOT_DONE_bit
0x0FC2       [1]    ADCON0
0x0FC4       [1]    ADRESH
0x0FCA       [1]    T2CON
0x0FCB       [1]    PR2
0x0FD0       [0]    IPEN_bit
0x0FD5       [1]    T0CON
0x0FD8       [1]    STATUS
0x0FD9       [1]    FSR2L
0x0FDA       [1]    FSR2H
0x0FDE       [1]    POSTINC2
0x0FE0       [1]    BSR
0x0FE1       [1]    FSR1L
0x0FE2       [1]    FSR1H
0x0FE4       [1]    PREINC1
0x0FE6       [1]    POSTINC1
0x0FE7       [1]    INDF1
0x0FE8       [1]    WREG
0x0FE9       [1]    FSR0L
0x0FE9       [2]    __fsr
0x0FEA       [1]    FSR0H
0x0FEC       [1]    __preinc
0x0FEE       [1]    __postinc
0x0FEE       [1]    POSTINC0
0x0FEF       [1]    __indf
0x0FF1       [0]    NOT_RBPU_bit
0x0FF2       [0]    T0IE_bit
0x0FF2       [0]    GIE_bit
0x0FF2       [0]    GIEL_bit
0x0FF2       [0]    PEIE_bit
0x0FF2       [1]    INTCON
0x0FF2       [0]    T0IF_bit
0x0FF3       [1]    PRODL
0x0FF4       [1]    PRODH
0x0FF5       [1]    TABLAT
0x0FF6       [1]    TBLPTRL
0x0FF7       [1]    TBLPTRH
0x0FF8       [1]    TBLPTRU
0x0FFD       [1]    __tosl
0x0FFE       [1]    __tosh
0x0FFF       [1]    __tosu
//** Constants locations ** 
//ADDRESS    SIZE    CONSTANT
//----------------------------------------------
0x0442       [8]    _Brightness
//** Label List: ** 
//----------------------------------------------
  L_main0
  L_main1
  L_main2
  L_main3
  L_main4
  L_main5
  L_main6
  L_main7
  L_main8
  L_main9
  ___main__OS_SCHED_CONTINUE
  L_main10
  L_main11
  L_main12
  L_interrupt13
  L_interrupt14
  L_interrupt15
  L_interrupt16
  L_interrupt17
  L_interrupt18
  L_interrupt19
  L_interrupt20
  L_interrupt21
  L_Task_Rolling22
  L_Task_Rolling23
  L_Task_Rolling24
  L_Task_Rolling25
  L_Task_Rolling26
  L_Task_Button27
  L_Task_Button28
  L_Task_Button29
  L_Task_Button30
  L_Task_Button31
  L_Task_Button32
  L_Task_Button33
  L_Task_Button34
  L_Task_Button35
  L_Task_SetSpeed36
  L_Task_SetSpeed37
  L_Task_SetSpeed38
  L__main39
  L__main40
  L__interrupt41
  L_end_main
  _main
  L__main43
  L_end_Init
  _Init
  L_end_interrupt
  _interrupt
  L__interrupt46
  L_end_Task_Rolling
  _Task_Rolling
  L_end_Task_Button
  _Task_Button
  L__Task_Button49
  L__Task_Button50
  L_end_Task_SetSpeed
  _Task_SetSpeed
  L__Task_SetSpeed52
  L__Task_SetSpeed53
  L__OS_ClrReadySetClrCanContinue0
  L__OS_ClrReadySetClrCanContinue1
  L_OS_DI2
  L_OS_RI3
  L_OS_RI4
  L_OS_RI5
  L__OS_CheckEvent6
  L__OS_CheckEvent7
  L__OS_CheckEvent8
  L__OS_CheckEvent9
  L__OS_InitDelay10
  L_OS_Timer11
  L_OS_Timer12
  L_OS_Timer13
  L_OS_Timer14
  L_OS_Timer15
  L_OS_Timer16
  L__OS_Task_Create17
  L__OS_Task_Create18
  L__OS_Task_Create19
  L__OS_Task_Create20
  L__OS_Task_Create21
  L___OS_CheckEvent22
  L_end__OS_JumpToTask
  __OS_JumpToTask
  L_end__OS_ReturnSave
  __OS_ReturnSave
  L_end__OS_ReturnNoSave
  __OS_ReturnNoSave
  L_end__OS_EnterWaitMode
  __OS_EnterWaitMode
  L_end__OS_EnterWaitModeTO
  __OS_EnterWaitModeTO
  L_end__OS_ClrReadySetClrCanContinue
  __OS_ClrReadySetClrCanContinue
  L_end__OS_SET_FSR_CUR_TASK
  __OS_SET_FSR_CUR_TASK
  L_end_OS_DI
  _OS_DI
  L_end_OS_RI
  _OS_RI
  L_end__OS_CheckEvent
  __OS_CheckEvent
  L_end__OS_InitDelay
  __OS_InitDelay
  L_end_OS_Init
  _OS_Init
  L_end_OS_Timer
  _OS_Timer
  L_end__OS_Task_Create
  __OS_Task_Create
  L___OS_Task_Create37
  L_main0
  L_main1
  L_main2
  L_main3
  L_main4
  L_main5
  L_main6
  L_main7
  L_main8
  L_main9
  ___main__OS_SCHED_CONTINUE
  L_main10
  L_main11
  L_main12
  L_interrupt13
  L_interrupt14
  L_interrupt15
  L_interrupt16
  L_interrupt17
  L_interrupt18
  L_interrupt19
  L_interrupt20
  L_interrupt21
  L_Task_Rolling22
  L_Task_Rolling23
  L_Task_Rolling24
  L_Task_Rolling25
  L_Task_Rolling26
  L_Task_Button27
  L_Task_Button28
  L_Task_Button29
  L_Task_Button30
  L_Task_Button31
  L_Task_Button32
  L_Task_Button33
  L_Task_Button34
  L_Task_Button35
  L_Task_SetSpeed36
  L_Task_SetSpeed37
  L_Task_SetSpeed38
  L__main39
  L__main40
  L__interrupt41
  L_end_main
  _main
  L__main43
  L_end_Init
  _Init
  L_end_interrupt
  _interrupt
  L__interrupt46
  L_end_Task_Rolling
  _Task_Rolling
  L_end_Task_Button
  _Task_Button
  L__Task_Button49
  L__Task_Button50
  L_end_Task_SetSpeed
  _Task_SetSpeed
  L__Task_SetSpeed52
  L__Task_SetSpeed53
  L__OS_ClrReadySetClrCanContinue0
  L__OS_ClrReadySetClrCanContinue1
  L_OS_DI2
  L_OS_RI3
  L_OS_RI4
  L_OS_RI5
  L__OS_CheckEvent6
  L__OS_CheckEvent7
  L__OS_CheckEvent8
  L__OS_CheckEvent9
  L__OS_InitDelay10
  L_OS_Timer11
  L_OS_Timer12
  L_OS_Timer13
  L_OS_Timer14
  L_OS_Timer15
  L_OS_Timer16
  L__OS_Task_Create17
  L__OS_Task_Create18
  L__OS_Task_Create19
  L__OS_Task_Create20
  L__OS_Task_Create21
  L___OS_CheckEvent22
  L_end__OS_JumpToTask
  __OS_JumpToTask
  L_end__OS_ReturnSave
  __OS_ReturnSave
  L_end__OS_ReturnNoSave
  __OS_ReturnNoSave
  L_end__OS_EnterWaitMode
  __OS_EnterWaitMode
  L_end__OS_EnterWaitModeTO
  __OS_EnterWaitModeTO
  L_end__OS_ClrReadySetClrCanContinue
  __OS_ClrReadySetClrCanContinue
  L_end__OS_SET_FSR_CUR_TASK
  __OS_SET_FSR_CUR_TASK
  L_end_OS_DI
  _OS_DI
  L_end_OS_RI
  _OS_RI
  L_end__OS_CheckEvent
  __OS_CheckEvent
  L_end__OS_InitDelay
  __OS_InitDelay
  L_end_OS_Init
  _OS_Init
  L_end_OS_Timer
  _OS_Timer
  L_end__OS_Task_Create
  __OS_Task_Create
  L___OS_Task_Create37
